---------------------------------------------------------------
[ 2017-10-24T16:02:08+08:00 ] 127.0.0.1 127.0.0.1 GET /abab.php/user/attendance.html
[ info ] www.chuangzhixing.com/abab.php/user/attendance.html [运行时间：0.726000s][吞吐率：1.38req/s] [内存消耗：2,098.93kb] [文件加载：45]
[ info ] [ LANG ] D:\chuangzhixing\wanwan\thinkphp\lang\zh-cn.php
[ info ] [ ROUTE ] array (
  'type' => 'module',
  'module' => 
  array (
    0 => 'admin',
    1 => 'user',
    2 => 'attendance',
  ),
)
[ info ] [ HEADER ] array (
  'cache-control' => 'max-age=0',
  'upgrade-insecure-requests' => '1',
  'connection' => 'close',
  'cookie' => 'PHPSESSID=lh6u4kam8m09up5qh8sqij9j25',
  'referer' => 'http://www.chuangzhixing.com/abab.php/user/attendance_detail/aid/30.html',
  'accept-encoding' => 'gzip, deflate',
  'accept-language' => 'zh-CN,zh;q=0.8,en-US;q=0.5,en;q=0.3',
  'accept' => 'text/html,application/xhtml+xml,application/xml;q=0.9,*/*;q=0.8',
  'user-agent' => 'Mozilla/5.0 (Windows NT 6.1; Win64; x64; rv:56.0) Gecko/20100101 Firefox/56.0',
  'host' => 'www.chuangzhixing.com',
)
[ info ] [ PARAM ] array (
)
[ info ] [ SESSION ] INIT array (
  'id' => '',
  'var_session_id' => '',
  'prefix' => 'think',
  'type' => '',
  'auto_start' => true,
)
[ info ] [ RUN ] app\admin\controller\User->attendance[ D:\chuangzhixing\wanwan\application\admin\controller\User.php ]
[ info ] [ DB ] INIT mysql
[ info ] [ VIEW ] D:\chuangzhixing\wanwan/application/admin\view\user\attendance.html [ array (
  0 => 'actinfo',
) ]
[ info ] [ LOG ] INIT File
[ sql ] [ DB ] CONNECT:[ UseTime:0.262000s ] mysql:dbname=mianfeiwan;host=47.94.233.30;charset=utf8
[ sql ] [ SQL ] SELECT
                    a.aid,
                    a.a_title,
                    a.a_num,
                    a.a_sold_num,
                    (
                            SELECT
                                    count(*)
                            FROM
                                    mfw_activity_order
                            WHERE
                                    aid = a.aid
                            AND order_status = 4
                    ) attendance
                FROM
                    mfw_activity AS a [ RunTime:0.386000s ]
