---------------------------------------------------------------
[ 2017-10-25T08:44:26+08:00 ] 127.0.0.1 127.0.0.1 GET /
[ info ] www.chuangzhixing.com/ [运行时间：0.296400s][吞吐率：3.37req/s] [内存消耗：2,021.47kb] [文件加载：46]
[ info ] [ LANG ] D:\chuangzhixing\wanwan\thinkphp\lang\zh-cn.php
[ info ] [ ROUTE ] array (
  'type' => 'module',
  'module' => 
  array (
    0 => '',
    1 => NULL,
    2 => NULL,
  ),
)
[ info ] [ HEADER ] array (
  'upgrade-insecure-requests' => '1',
  'connection' => 'close',
  'accept-encoding' => 'gzip, deflate',
  'accept-language' => 'zh-CN,zh;q=0.8,en-US;q=0.5,en;q=0.3',
  'accept' => 'text/html,application/xhtml+xml,application/xml;q=0.9,*/*;q=0.8',
  'user-agent' => 'Mozilla/5.0 (Windows NT 6.1; Win64; x64; rv:56.0) Gecko/20100101 Firefox/56.0',
  'host' => 'www.chuangzhixing.com',
)
[ info ] [ PARAM ] array (
)
[ info ] [ DB ] INIT mysql
[ info ] [ RUN ] app\home\controller\Index->index[ D:\chuangzhixing\wanwan\application\home\controller\Index.php ]
[ info ] [ VIEW ] D:\chuangzhixing\wanwan/application/home\view\index\index.html [ array (
  0 => 'title',
) ]
[ info ] [ SESSION ] INIT array (
  'id' => '',
  'var_session_id' => '',
  'prefix' => 'think',
  'type' => '',
  'auto_start' => true,
)
[ info ] [ LOG ] INIT File
[ sql ] [ DB ] CONNECT:[ UseTime:0.093600s ] mysql:dbname=mianfeiwan;host=47.94.233.30;charset=utf8
[ sql ] [ SQL ] SHOW COLUMNS FROM `mfw_activity_type` [ RunTime:0.046800s ]
[ sql ] [ SQL ] SELECT * FROM `mfw_activity_type` WHERE  `fid` = 0 ORDER BY sort asc [ RunTime:0.062400s ]
---------------------------------------------------------------
[ 2017-10-25T08:44:27+08:00 ] 127.0.0.1 127.0.0.1 GET /favicon.ico
[ info ] www.chuangzhixing.com/favicon.ico [运行时间：0.015600s][吞吐率：64.10req/s] [内存消耗：805.49kb] [文件加载：28]
[ info ] [ LANG ] D:\chuangzhixing\wanwan\thinkphp\lang\zh-cn.php
[ info ] [ ROUTE ] array (
  'type' => 'module',
  'module' => 
  array (
    0 => 'favicon.ico',
    1 => NULL,
    2 => NULL,
  ),
)
[ info ] [ HEADER ] array (
  'connection' => 'close',
  'cookie' => 'PHPSESSID=ags85tupcs4ok6ve1lu0eidh30',
  'accept-encoding' => 'gzip, deflate',
  'accept-language' => 'zh-CN,zh;q=0.8,en-US;q=0.5,en;q=0.3',
  'accept' => 'text/html,application/xhtml+xml,application/xml;q=0.9,*/*;q=0.8',
  'user-agent' => 'Mozilla/5.0 (Windows NT 6.1; Win64; x64; rv:56.0) Gecko/20100101 Firefox/56.0',
  'host' => 'www.chuangzhixing.com',
)
[ info ] [ PARAM ] array (
)
[ info ] [ LOG ] INIT File
---------------------------------------------------------------
[ 2017-10-25T08:44:36+08:00 ] 127.0.0.1 127.0.0.1 GET /
[ info ] www.chuangzhixing.com/ [运行时间：0.265200s][吞吐率：3.77req/s] [内存消耗：1,894.76kb] [文件加载：44]
[ info ] [ LANG ] D:\chuangzhixing\wanwan\thinkphp\lang\zh-cn.php
[ info ] [ ROUTE ] array (
  'type' => 'module',
  'module' => 
  array (
    0 => '',
    1 => NULL,
    2 => NULL,
  ),
)
[ info ] [ HEADER ] array (
  'upgrade-insecure-requests' => '1',
  'connection' => 'close',
  'cookie' => 'PHPSESSID=ags85tupcs4ok6ve1lu0eidh30',
  'accept-encoding' => 'gzip, deflate',
  'accept-language' => 'zh-CN,zh;q=0.8,en-US;q=0.5,en;q=0.3',
  'accept' => 'text/html,application/xhtml+xml,application/xml;q=0.9,*/*;q=0.8',
  'user-agent' => 'Mozilla/5.0 (Windows NT 6.1; Win64; x64; rv:56.0) Gecko/20100101 Firefox/56.0',
  'host' => 'www.chuangzhixing.com',
)
[ info ] [ PARAM ] array (
)
[ info ] [ DB ] INIT mysql
[ info ] [ RUN ] app\home\controller\Index->index[ D:\chuangzhixing\wanwan\application\home\controller\Index.php ]
[ info ] [ VIEW ] D:\chuangzhixing\wanwan/application/home\view\index\index.html [ array (
  0 => 'title',
) ]
[ info ] [ SESSION ] INIT array (
  'id' => '',
  'var_session_id' => '',
  'prefix' => 'think',
  'type' => '',
  'auto_start' => true,
)
[ info ] [ LOG ] INIT File
[ sql ] [ DB ] CONNECT:[ UseTime:0.109200s ] mysql:dbname=mianfeiwan;host=47.94.233.30;charset=utf8
[ sql ] [ SQL ] SHOW COLUMNS FROM `mfw_activity_type` [ RunTime:0.078000s ]
[ sql ] [ SQL ] SELECT * FROM `mfw_activity_type` WHERE  `fid` = 0 ORDER BY sort asc [ RunTime:0.062400s ]
---------------------------------------------------------------
[ 2017-10-25T08:44:40+08:00 ] 127.0.0.1 127.0.0.1 GET /mobile
[ info ] www.chuangzhixing.com/mobile [运行时间：0.405600s][吞吐率：2.47req/s] [内存消耗：2,218.71kb] [文件加载：48]
[ info ] [ LANG ] D:\chuangzhixing\wanwan\thinkphp\lang\zh-cn.php
[ info ] [ ROUTE ] array (
  'type' => 'module',
  'module' => 
  array (
    0 => 'mobile',
    1 => NULL,
    2 => NULL,
  ),
)
[ info ] [ HEADER ] array (
  'upgrade-insecure-requests' => '1',
  'connection' => 'close',
  'cookie' => 'PHPSESSID=ags85tupcs4ok6ve1lu0eidh30',
  'accept-encoding' => 'gzip, deflate',
  'accept-language' => 'zh-CN,zh;q=0.8,en-US;q=0.5,en;q=0.3',
  'accept' => 'text/html,application/xhtml+xml,application/xml;q=0.9,*/*;q=0.8',
  'user-agent' => 'Mozilla/5.0 (Windows NT 6.1; Win64; x64; rv:56.0) Gecko/20100101 Firefox/56.0',
  'host' => 'www.chuangzhixing.com',
)
[ info ] [ PARAM ] array (
)
[ info ] [ DB ] INIT mysql
[ info ] [ RUN ] app\mobile\controller\Activity->new_activity[ D:\chuangzhixing\wanwan\application\mobile\controller\Activity.php ]
[ info ] [ VIEW ] D:\chuangzhixing\wanwan/application/mobile\view\activity\new_activity.html [ array (
  0 => 'title',
  1 => 'actInfo',
) ]
[ info ] [ SESSION ] INIT array (
  'id' => '',
  'var_session_id' => '',
  'prefix' => 'think',
  'type' => '',
  'auto_start' => true,
)
[ info ] [ LOG ] INIT File
[ sql ] [ DB ] CONNECT:[ UseTime:0.093600s ] mysql:dbname=mianfeiwan;host=47.94.233.30;charset=utf8
[ sql ] [ SQL ] SHOW COLUMNS FROM `mfw_activity_type` [ RunTime:0.062400s ]
[ sql ] [ SQL ] SELECT * FROM `mfw_activity_type` WHERE  `fid` = 0 ORDER BY sort asc [ RunTime:0.046800s ]
[ sql ] [ SQL ] SHOW COLUMNS FROM `mfw_activity` [ RunTime:0.062400s ]
[ sql ] [ SQL ] SELECT * FROM `mfw_activity` ORDER BY aid desc LIMIT 0,10 [ RunTime:0.078000s ]
---------------------------------------------------------------
[ 2017-10-25T08:44:49+08:00 ] 127.0.0.1 127.0.0.1 GET /mobile/activity/index/set/26.html
[ info ] www.chuangzhixing.com/mobile/activity/index/set/26.html [运行时间：0.702000s][吞吐率：1.42req/s] [内存消耗：2,172.14kb] [文件加载：48]
[ info ] [ LANG ] D:\chuangzhixing\wanwan\thinkphp\lang\zh-cn.php
[ info ] [ ROUTE ] array (
  'type' => 'module',
  'module' => 
  array (
    0 => 'mobile',
    1 => 'activity',
    2 => 'index',
  ),
)
[ info ] [ HEADER ] array (
  'upgrade-insecure-requests' => '1',
  'connection' => 'close',
  'cookie' => 'PHPSESSID=ags85tupcs4ok6ve1lu0eidh30',
  'referer' => 'http://www.chuangzhixing.com/mobile',
  'accept-encoding' => 'gzip, deflate',
  'accept-language' => 'zh-CN,zh;q=0.8,en-US;q=0.5,en;q=0.3',
  'accept' => 'text/html,application/xhtml+xml,application/xml;q=0.9,*/*;q=0.8',
  'user-agent' => 'Mozilla/5.0 (Windows NT 6.1; Win64; x64; rv:56.0) Gecko/20100101 Firefox/56.0',
  'host' => 'www.chuangzhixing.com',
)
[ info ] [ PARAM ] array (
  'set' => '26',
)
[ info ] [ DB ] INIT mysql
[ info ] [ RUN ] app\mobile\controller\Activity->index[ D:\chuangzhixing\wanwan\application\mobile\controller\Activity.php ]
[ info ] [ SESSION ] INIT array (
  'id' => '',
  'var_session_id' => '',
  'prefix' => 'think',
  'type' => '',
  'auto_start' => true,
)
[ info ] [ VIEW ] D:\chuangzhixing\wanwan/application/mobile\view\activity\index.html [ array (
  0 => 'title',
  1 => 'collections',
  2 => 'banner',
  3 => 'titleInfo',
  4 => 'result',
  5 => 'titleSon',
) ]
[ info ] [ LOG ] INIT File
[ sql ] [ DB ] CONNECT:[ UseTime:0.124800s ] mysql:dbname=mianfeiwan;host=47.94.233.30;charset=utf8
[ sql ] [ SQL ] SHOW COLUMNS FROM `mfw_activity_type` [ RunTime:0.062400s ]
[ sql ] [ SQL ] SELECT * FROM `mfw_activity_type` WHERE  `fid` = 0 ORDER BY sort asc [ RunTime:0.062400s ]
[ sql ] [ SQL ] SELECT * FROM `mfw_activity_type` WHERE  `fid` = 26 ORDER BY sort asc [ RunTime:0.078000s ]
[ sql ] [ SQL ] SHOW COLUMNS FROM `mfw_activity` [ RunTime:0.062400s ]
[ sql ] [ SQL ] SELECT `aid`,`a_index_img`,`a_title`,`a_remark`,`a_type` FROM `mfw_activity` WHERE  `a_type` = 31  AND `a_price` > 0 ORDER BY aid desc LIMIT 3 [ RunTime:0.078000s ]
[ sql ] [ SQL ] SELECT * FROM `mfw_activity_type` `t` INNER JOIN `mfw_activity_type_extension` `e` ON `t`.`id`=`e`.`type_id` WHERE  `t`.`id` = '26' LIMIT 1 [ RunTime:0.062400s ]
[ sql ] [ SQL ] SHOW COLUMNS FROM `mfw_activity_type_banner` [ RunTime:0.062400s ]
[ sql ] [ SQL ] SELECT * FROM `mfw_activity_type_banner` WHERE  `type_id` = 26 [ RunTime:0.078000s ]
---------------------------------------------------------------
[ 2017-10-25T08:44:50+08:00 ] 127.0.0.1 127.0.0.1 GET /mobile
[ info ] www.chuangzhixing.com/mobile [运行时间：0.374400s][吞吐率：2.67req/s] [内存消耗：2,089.14kb] [文件加载：46]
[ info ] [ LANG ] D:\chuangzhixing\wanwan\thinkphp\lang\zh-cn.php
[ info ] [ ROUTE ] array (
  'type' => 'module',
  'module' => 
  array (
    0 => 'mobile',
    1 => NULL,
    2 => NULL,
  ),
)
[ info ] [ HEADER ] array (
  'upgrade-insecure-requests' => '1',
  'connection' => 'close',
  'cookie' => 'PHPSESSID=ags85tupcs4ok6ve1lu0eidh30',
  'referer' => 'http://www.chuangzhixing.com/mobile/activity/index/set/26.html',
  'accept-encoding' => 'gzip, deflate',
  'accept-language' => 'zh-CN,zh;q=0.8,en-US;q=0.5,en;q=0.3',
  'accept' => 'text/html,application/xhtml+xml,application/xml;q=0.9,*/*;q=0.8',
  'user-agent' => 'Mozilla/5.0 (Windows NT 6.1; Win64; x64; rv:56.0) Gecko/20100101 Firefox/56.0',
  'host' => 'www.chuangzhixing.com',
)
[ info ] [ PARAM ] array (
)
[ info ] [ DB ] INIT mysql
[ info ] [ RUN ] app\mobile\controller\Activity->new_activity[ D:\chuangzhixing\wanwan\application\mobile\controller\Activity.php ]
[ info ] [ VIEW ] D:\chuangzhixing\wanwan/application/mobile\view\activity\new_activity.html [ array (
  0 => 'title',
  1 => 'actInfo',
) ]
[ info ] [ SESSION ] INIT array (
  'id' => '',
  'var_session_id' => '',
  'prefix' => 'think',
  'type' => '',
  'auto_start' => true,
)
[ info ] [ LOG ] INIT File
[ sql ] [ DB ] CONNECT:[ UseTime:0.093600s ] mysql:dbname=mianfeiwan;host=47.94.233.30;charset=utf8
[ sql ] [ SQL ] SHOW COLUMNS FROM `mfw_activity_type` [ RunTime:0.062400s ]
[ sql ] [ SQL ] SELECT * FROM `mfw_activity_type` WHERE  `fid` = 0 ORDER BY sort asc [ RunTime:0.062400s ]
[ sql ] [ SQL ] SHOW COLUMNS FROM `mfw_activity` [ RunTime:0.062400s ]
[ sql ] [ SQL ] SELECT * FROM `mfw_activity` ORDER BY aid desc LIMIT 0,10 [ RunTime:0.062400s ]
---------------------------------------------------------------
[ 2017-10-25T08:44:52+08:00 ] 127.0.0.1 127.0.0.1 GET /mobile
[ info ] www.chuangzhixing.com/mobile [运行时间：0.312000s][吞吐率：3.21req/s] [内存消耗：2,089.43kb] [文件加载：46]
[ info ] [ LANG ] D:\chuangzhixing\wanwan\thinkphp\lang\zh-cn.php
[ info ] [ ROUTE ] array (
  'type' => 'module',
  'module' => 
  array (
    0 => 'mobile',
    1 => NULL,
    2 => NULL,
  ),
)
[ info ] [ HEADER ] array (
  'cache-control' => 'max-age=0',
  'upgrade-insecure-requests' => '1',
  'connection' => 'close',
  'cookie' => 'PHPSESSID=ags85tupcs4ok6ve1lu0eidh30',
  'referer' => 'http://www.chuangzhixing.com/mobile/activity/index/set/26.html',
  'accept-encoding' => 'gzip, deflate',
  'accept-language' => 'zh-CN,zh;q=0.8,en-US;q=0.5,en;q=0.3',
  'accept' => 'text/html,application/xhtml+xml,application/xml;q=0.9,*/*;q=0.8',
  'user-agent' => 'Mozilla/5.0 (Windows NT 6.1; Win64; x64; rv:56.0) Gecko/20100101 Firefox/56.0',
  'host' => 'www.chuangzhixing.com',
)
[ info ] [ PARAM ] array (
)
[ info ] [ DB ] INIT mysql
[ info ] [ RUN ] app\mobile\controller\Activity->new_activity[ D:\chuangzhixing\wanwan\application\mobile\controller\Activity.php ]
[ info ] [ VIEW ] D:\chuangzhixing\wanwan/application/mobile\view\activity\new_activity.html [ array (
  0 => 'title',
  1 => 'actInfo',
) ]
[ info ] [ SESSION ] INIT array (
  'id' => '',
  'var_session_id' => '',
  'prefix' => 'think',
  'type' => '',
  'auto_start' => true,
)
[ info ] [ LOG ] INIT File
[ sql ] [ DB ] CONNECT:[ UseTime:0.046800s ] mysql:dbname=mianfeiwan;host=47.94.233.30;charset=utf8
[ sql ] [ SQL ] SHOW COLUMNS FROM `mfw_activity_type` [ RunTime:0.062400s ]
[ sql ] [ SQL ] SELECT * FROM `mfw_activity_type` WHERE  `fid` = 0 ORDER BY sort asc [ RunTime:0.046800s ]
[ sql ] [ SQL ] SHOW COLUMNS FROM `mfw_activity` [ RunTime:0.046800s ]
[ sql ] [ SQL ] SELECT * FROM `mfw_activity` ORDER BY aid desc LIMIT 0,10 [ RunTime:0.062400s ]
---------------------------------------------------------------
[ 2017-10-25T08:45:06+08:00 ] 127.0.0.1 127.0.0.1 GET /abab.php/
[ info ] www.chuangzhixing.com/abab.php/ [运行时间：0.015600s][吞吐率：64.10req/s] [内存消耗：1,070.83kb] [文件加载：35]
[ info ] [ LANG ] D:\chuangzhixing\wanwan\thinkphp\lang\zh-cn.php
[ info ] [ ROUTE ] array (
  'type' => 'module',
  'module' => 
  array (
    0 => 'admin',
    1 => NULL,
    2 => NULL,
  ),
)
[ info ] [ HEADER ] array (
  'upgrade-insecure-requests' => '1',
  'connection' => 'close',
  'cookie' => 'PHPSESSID=ags85tupcs4ok6ve1lu0eidh30',
  'accept-encoding' => 'gzip, deflate',
  'accept-language' => 'zh-CN,zh;q=0.8,en-US;q=0.5,en;q=0.3',
  'accept' => 'text/html,application/xhtml+xml,application/xml;q=0.9,*/*;q=0.8',
  'user-agent' => 'Mozilla/5.0 (Windows NT 6.1; Win64; x64; rv:56.0) Gecko/20100101 Firefox/56.0',
  'host' => 'www.chuangzhixing.com',
)
[ info ] [ PARAM ] array (
)
[ info ] [ SESSION ] INIT array (
  'id' => '',
  'var_session_id' => '',
  'prefix' => 'think',
  'type' => '',
  'auto_start' => true,
)
[ info ] [ LOG ] INIT File
---------------------------------------------------------------
[ 2017-10-25T08:45:06+08:00 ] 127.0.0.1 127.0.0.1 GET /abab.php/user/login.html
[ info ] www.chuangzhixing.com/abab.php/user/login.html [运行时间：0.015600s][吞吐率：64.10req/s] [内存消耗：1,982.92kb] [文件加载：44]
[ info ] [ LANG ] D:\chuangzhixing\wanwan\thinkphp\lang\zh-cn.php
[ info ] [ ROUTE ] array (
  'type' => 'module',
  'module' => 
  array (
    0 => 'admin',
    1 => 'user',
    2 => 'login',
  ),
)
[ info ] [ HEADER ] array (
  'upgrade-insecure-requests' => '1',
  'connection' => 'close',
  'cookie' => 'PHPSESSID=ags85tupcs4ok6ve1lu0eidh30',
  'accept-encoding' => 'gzip, deflate',
  'accept-language' => 'zh-CN,zh;q=0.8,en-US;q=0.5,en;q=0.3',
  'accept' => 'text/html,application/xhtml+xml,application/xml;q=0.9,*/*;q=0.8',
  'user-agent' => 'Mozilla/5.0 (Windows NT 6.1; Win64; x64; rv:56.0) Gecko/20100101 Firefox/56.0',
  'host' => 'www.chuangzhixing.com',
)
[ info ] [ PARAM ] array (
)
[ info ] [ DB ] INIT mysql
[ info ] [ RUN ] app\admin\controller\User->login[ D:\chuangzhixing\wanwan\application\admin\controller\User.php ]
[ info ] [ VIEW ] D:\chuangzhixing\wanwan/application/admin\view\user\login.html [ array (
) ]
[ info ] [ LOG ] INIT File
---------------------------------------------------------------
[ 2017-10-25T08:45:12+08:00 ] 127.0.0.1 127.0.0.1 POST /abab.php/user/login
[ info ] www.chuangzhixing.com/abab.php/user/login [运行时间：0.031200s][吞吐率：32.05req/s] [内存消耗：1,847.12kb] [文件加载：40]
[ info ] [ LANG ] D:\chuangzhixing\wanwan\thinkphp\lang\zh-cn.php
[ info ] [ ROUTE ] array (
  'type' => 'module',
  'module' => 
  array (
    0 => 'admin',
    1 => 'user',
    2 => 'login',
  ),
)
[ info ] [ HEADER ] array (
  'connection' => 'close',
  'cookie' => 'PHPSESSID=ags85tupcs4ok6ve1lu0eidh30',
  'content-length' => '34',
  'referer' => 'http://www.chuangzhixing.com/abab.php/user/login.html',
  'x-requested-with' => 'XMLHttpRequest',
  'content-type' => 'application/x-www-form-urlencoded; charset=UTF-8',
  'accept-encoding' => 'gzip, deflate',
  'accept-language' => 'zh-CN,zh;q=0.8,en-US;q=0.5,en;q=0.3',
  'accept' => 'application/json, text/javascript, */*; q=0.01',
  'user-agent' => 'Mozilla/5.0 (Windows NT 6.1; Win64; x64; rv:56.0) Gecko/20100101 Firefox/56.0',
  'host' => 'www.chuangzhixing.com',
)
[ info ] [ PARAM ] array (
  'name' => 'admin',
  'pwd' => 'wanwanwan123!@#',
)
[ info ] [ DB ] INIT mysql
[ info ] [ RUN ] app\admin\controller\User->login[ D:\chuangzhixing\wanwan\application\admin\controller\User.php ]
[ info ] [ SESSION ] INIT array (
  'id' => '',
  'var_session_id' => '',
  'prefix' => 'think',
  'type' => '',
  'auto_start' => true,
)
[ info ] [ LOG ] INIT File
---------------------------------------------------------------
[ 2017-10-25T08:45:12+08:00 ] 127.0.0.1 127.0.0.1 GET /abab.php/user/index
[ info ] www.chuangzhixing.com/abab.php/user/index [运行时间：0.296400s][吞吐率：3.37req/s] [内存消耗：2,044.70kb] [文件加载：44]
[ info ] [ LANG ] D:\chuangzhixing\wanwan\thinkphp\lang\zh-cn.php
[ info ] [ ROUTE ] array (
  'type' => 'module',
  'module' => 
  array (
    0 => 'admin',
    1 => 'user',
    2 => 'index',
  ),
)
[ info ] [ HEADER ] array (
  'upgrade-insecure-requests' => '1',
  'connection' => 'close',
  'cookie' => 'PHPSESSID=ags85tupcs4ok6ve1lu0eidh30',
  'referer' => 'http://www.chuangzhixing.com/abab.php/user/login.html',
  'accept-encoding' => 'gzip, deflate',
  'accept-language' => 'zh-CN,zh;q=0.8,en-US;q=0.5,en;q=0.3',
  'accept' => 'text/html,application/xhtml+xml,application/xml;q=0.9,*/*;q=0.8',
  'user-agent' => 'Mozilla/5.0 (Windows NT 6.1; Win64; x64; rv:56.0) Gecko/20100101 Firefox/56.0',
  'host' => 'www.chuangzhixing.com',
)
[ info ] [ PARAM ] array (
)
[ info ] [ SESSION ] INIT array (
  'id' => '',
  'var_session_id' => '',
  'prefix' => 'think',
  'type' => '',
  'auto_start' => true,
)
[ info ] [ DB ] INIT mysql
[ info ] [ RUN ] app\admin\controller\User->index[ D:\chuangzhixing\wanwan\application\admin\controller\User.php ]
[ info ] [ VIEW ] D:\chuangzhixing\wanwan/application/admin\view\user\index.html [ array (
  0 => 'userInfo',
) ]
[ info ] [ LOG ] INIT File
[ sql ] [ DB ] CONNECT:[ UseTime:0.093600s ] mysql:dbname=mianfeiwan;host=47.94.233.30;charset=utf8
[ sql ] [ SQL ] SHOW COLUMNS FROM `mfw_user` [ RunTime:0.078000s ]
[ sql ] [ SQL ] SELECT * FROM `mfw_user` ORDER BY uid desc [ RunTime:0.078000s ]
---------------------------------------------------------------
[ 2017-10-25T08:45:17+08:00 ] 127.0.0.1 127.0.0.1 GET /abab.php/activity/index.html
[ info ] www.chuangzhixing.com/abab.php/activity/index.html [运行时间：0.234000s][吞吐率：4.27req/s] [内存消耗：2,095.65kb] [文件加载：43]
[ info ] [ LANG ] D:\chuangzhixing\wanwan\thinkphp\lang\zh-cn.php
[ info ] [ ROUTE ] array (
  'type' => 'module',
  'module' => 
  array (
    0 => 'admin',
    1 => 'activity',
    2 => 'index',
  ),
)
[ info ] [ HEADER ] array (
  'upgrade-insecure-requests' => '1',
  'connection' => 'close',
  'cookie' => 'PHPSESSID=ags85tupcs4ok6ve1lu0eidh30',
  'referer' => 'http://www.chuangzhixing.com/abab.php/user/index',
  'accept-encoding' => 'gzip, deflate',
  'accept-language' => 'zh-CN,zh;q=0.8,en-US;q=0.5,en;q=0.3',
  'accept' => 'text/html,application/xhtml+xml,application/xml;q=0.9,*/*;q=0.8',
  'user-agent' => 'Mozilla/5.0 (Windows NT 6.1; Win64; x64; rv:56.0) Gecko/20100101 Firefox/56.0',
  'host' => 'www.chuangzhixing.com',
)
[ info ] [ PARAM ] array (
)
[ info ] [ SESSION ] INIT array (
  'id' => '',
  'var_session_id' => '',
  'prefix' => 'think',
  'type' => '',
  'auto_start' => true,
)
[ info ] [ RUN ] app\admin\controller\Activity->index[ D:\chuangzhixing\wanwan\application\admin\controller\Activity.php ]
[ info ] [ DB ] INIT mysql
[ info ] [ VIEW ] D:\chuangzhixing\wanwan/application/admin\view\activity\index.html [ array (
  0 => 'ActivityInfo',
) ]
[ info ] [ LOG ] INIT File
[ sql ] [ DB ] CONNECT:[ UseTime:0.046800s ] mysql:dbname=mianfeiwan;host=47.94.233.30;charset=utf8
[ sql ] [ SQL ] SHOW COLUMNS FROM `mfw_activity` [ RunTime:0.031200s ]
[ sql ] [ SQL ] SELECT * FROM `mfw_activity` ORDER BY aid desc [ RunTime:0.046800s ]
---------------------------------------------------------------
[ 2017-10-25T08:45:22+08:00 ] 127.0.0.1 127.0.0.1 POST /abab.php/activity/delActivity
[ info ] www.chuangzhixing.com/abab.php/activity/delActivity [运行时间：0.234000s][吞吐率：4.27req/s] [内存消耗：1,961.14kb] [文件加载：43]
[ info ] [ LANG ] D:\chuangzhixing\wanwan\thinkphp\lang\zh-cn.php
[ info ] [ ROUTE ] array (
  'type' => 'module',
  'module' => 
  array (
    0 => 'admin',
    1 => 'activity',
    2 => 'delActivity',
  ),
)
[ info ] [ HEADER ] array (
  'connection' => 'close',
  'cookie' => 'PHPSESSID=ags85tupcs4ok6ve1lu0eidh30',
  'content-length' => '9',
  'referer' => 'http://www.chuangzhixing.com/abab.php/activity/index.html',
  'x-requested-with' => 'XMLHttpRequest',
  'content-type' => 'application/x-www-form-urlencoded; charset=UTF-8',
  'accept-encoding' => 'gzip, deflate',
  'accept-language' => 'zh-CN,zh;q=0.8,en-US;q=0.5,en;q=0.3',
  'accept' => '*/*',
  'user-agent' => 'Mozilla/5.0 (Windows NT 6.1; Win64; x64; rv:56.0) Gecko/20100101 Firefox/56.0',
  'host' => 'www.chuangzhixing.com',
)
[ info ] [ PARAM ] array (
  'paid' => 'null',
)
[ info ] [ SESSION ] INIT array (
  'id' => '',
  'var_session_id' => '',
  'prefix' => 'think',
  'type' => '',
  'auto_start' => true,
)
[ info ] [ RUN ] app\admin\controller\Activity->delActivity[ D:\chuangzhixing\wanwan\application\admin\controller\Activity.php ]
[ info ] [ DB ] INIT mysql
[ info ] [ CACHE ] INIT File
[ info ] [ LOG ] INIT File
[ sql ] [ DB ] CONNECT:[ UseTime:0.078000s ] mysql:dbname=mianfeiwan;host=47.94.233.30;charset=utf8
[ sql ] [ SQL ] SHOW COLUMNS FROM `mfw_activity` [ RunTime:0.062400s ]
[ sql ] [ SQL ] DELETE FROM `mfw_activity`    WHERE  `aid` IS NULL [ RunTime:0.046800s ]
---------------------------------------------------------------
[ 2017-10-25T08:45:25+08:00 ] 127.0.0.1 127.0.0.1 GET /abab.php/activity/index.html
[ info ] www.chuangzhixing.com/abab.php/activity/index.html [运行时间：0.202800s][吞吐率：4.93req/s] [内存消耗：2,095.79kb] [文件加载：43]
[ info ] [ LANG ] D:\chuangzhixing\wanwan\thinkphp\lang\zh-cn.php
[ info ] [ ROUTE ] array (
  'type' => 'module',
  'module' => 
  array (
    0 => 'admin',
    1 => 'activity',
    2 => 'index',
  ),
)
[ info ] [ HEADER ] array (
  'cache-control' => 'max-age=0',
  'upgrade-insecure-requests' => '1',
  'connection' => 'close',
  'cookie' => 'PHPSESSID=ags85tupcs4ok6ve1lu0eidh30',
  'referer' => 'http://www.chuangzhixing.com/abab.php/user/index',
  'accept-encoding' => 'gzip, deflate',
  'accept-language' => 'zh-CN,zh;q=0.8,en-US;q=0.5,en;q=0.3',
  'accept' => 'text/html,application/xhtml+xml,application/xml;q=0.9,*/*;q=0.8',
  'user-agent' => 'Mozilla/5.0 (Windows NT 6.1; Win64; x64; rv:56.0) Gecko/20100101 Firefox/56.0',
  'host' => 'www.chuangzhixing.com',
)
[ info ] [ PARAM ] array (
)
[ info ] [ SESSION ] INIT array (
  'id' => '',
  'var_session_id' => '',
  'prefix' => 'think',
  'type' => '',
  'auto_start' => true,
)
[ info ] [ RUN ] app\admin\controller\Activity->index[ D:\chuangzhixing\wanwan\application\admin\controller\Activity.php ]
[ info ] [ DB ] INIT mysql
[ info ] [ VIEW ] D:\chuangzhixing\wanwan/application/admin\view\activity\index.html [ array (
  0 => 'ActivityInfo',
) ]
[ info ] [ LOG ] INIT File
[ sql ] [ DB ] CONNECT:[ UseTime:0.046800s ] mysql:dbname=mianfeiwan;host=47.94.233.30;charset=utf8
[ sql ] [ SQL ] SHOW COLUMNS FROM `mfw_activity` [ RunTime:0.031200s ]
[ sql ] [ SQL ] SELECT * FROM `mfw_activity` ORDER BY aid desc [ RunTime:0.062400s ]
---------------------------------------------------------------
[ 2017-10-25T08:45:42+08:00 ] 127.0.0.1 127.0.0.1 POST /abab.php/activity/delActivity
[ info ] www.chuangzhixing.com/abab.php/activity/delActivity [运行时间：0.312000s][吞吐率：3.21req/s] [内存消耗：1,961.14kb] [文件加载：43]
[ info ] [ LANG ] D:\chuangzhixing\wanwan\thinkphp\lang\zh-cn.php
[ info ] [ ROUTE ] array (
  'type' => 'module',
  'module' => 
  array (
    0 => 'admin',
    1 => 'activity',
    2 => 'delActivity',
  ),
)
[ info ] [ HEADER ] array (
  'connection' => 'close',
  'cookie' => 'PHPSESSID=ags85tupcs4ok6ve1lu0eidh30',
  'content-length' => '9',
  'referer' => 'http://www.chuangzhixing.com/abab.php/activity/index.html',
  'x-requested-with' => 'XMLHttpRequest',
  'content-type' => 'application/x-www-form-urlencoded; charset=UTF-8',
  'accept-encoding' => 'gzip, deflate',
  'accept-language' => 'zh-CN,zh;q=0.8,en-US;q=0.5,en;q=0.3',
  'accept' => '*/*',
  'user-agent' => 'Mozilla/5.0 (Windows NT 6.1; Win64; x64; rv:56.0) Gecko/20100101 Firefox/56.0',
  'host' => 'www.chuangzhixing.com',
)
[ info ] [ PARAM ] array (
  'paid' => 'null',
)
[ info ] [ SESSION ] INIT array (
  'id' => '',
  'var_session_id' => '',
  'prefix' => 'think',
  'type' => '',
  'auto_start' => true,
)
[ info ] [ RUN ] app\admin\controller\Activity->delActivity[ D:\chuangzhixing\wanwan\application\admin\controller\Activity.php ]
[ info ] [ DB ] INIT mysql
[ info ] [ CACHE ] INIT File
[ info ] [ LOG ] INIT File
[ sql ] [ DB ] CONNECT:[ UseTime:0.109200s ] mysql:dbname=mianfeiwan;host=47.94.233.30;charset=utf8
[ sql ] [ SQL ] SHOW COLUMNS FROM `mfw_activity` [ RunTime:0.078000s ]
[ sql ] [ SQL ] DELETE FROM `mfw_activity`    WHERE  `aid` IS NULL [ RunTime:0.078000s ]
---------------------------------------------------------------
[ 2017-10-25T08:45:44+08:00 ] 127.0.0.1 127.0.0.1 GET /abab.php/activity/index.html
[ info ] www.chuangzhixing.com/abab.php/activity/index.html [运行时间：0.343200s][吞吐率：2.91req/s] [内存消耗：2,095.79kb] [文件加载：43]
[ info ] [ LANG ] D:\chuangzhixing\wanwan\thinkphp\lang\zh-cn.php
[ info ] [ ROUTE ] array (
  'type' => 'module',
  'module' => 
  array (
    0 => 'admin',
    1 => 'activity',
    2 => 'index',
  ),
)
[ info ] [ HEADER ] array (
  'cache-control' => 'max-age=0',
  'upgrade-insecure-requests' => '1',
  'connection' => 'close',
  'cookie' => 'PHPSESSID=ags85tupcs4ok6ve1lu0eidh30',
  'referer' => 'http://www.chuangzhixing.com/abab.php/user/index',
  'accept-encoding' => 'gzip, deflate',
  'accept-language' => 'zh-CN,zh;q=0.8,en-US;q=0.5,en;q=0.3',
  'accept' => 'text/html,application/xhtml+xml,application/xml;q=0.9,*/*;q=0.8',
  'user-agent' => 'Mozilla/5.0 (Windows NT 6.1; Win64; x64; rv:56.0) Gecko/20100101 Firefox/56.0',
  'host' => 'www.chuangzhixing.com',
)
[ info ] [ PARAM ] array (
)
[ info ] [ SESSION ] INIT array (
  'id' => '',
  'var_session_id' => '',
  'prefix' => 'think',
  'type' => '',
  'auto_start' => true,
)
[ info ] [ RUN ] app\admin\controller\Activity->index[ D:\chuangzhixing\wanwan\application\admin\controller\Activity.php ]
[ info ] [ DB ] INIT mysql
[ info ] [ VIEW ] D:\chuangzhixing\wanwan/application/admin\view\activity\index.html [ array (
  0 => 'ActivityInfo',
) ]
[ info ] [ LOG ] INIT File
[ sql ] [ DB ] CONNECT:[ UseTime:0.109200s ] mysql:dbname=mianfeiwan;host=47.94.233.30;charset=utf8
[ sql ] [ SQL ] SHOW COLUMNS FROM `mfw_activity` [ RunTime:0.078000s ]
[ sql ] [ SQL ] SELECT * FROM `mfw_activity` ORDER BY aid desc [ RunTime:0.109200s ]
---------------------------------------------------------------
[ 2017-10-25T08:45:59+08:00 ] 127.0.0.1 127.0.0.1 GET /abab.php/activity/index.html
[ info ] www.chuangzhixing.com/abab.php/activity/index.html [运行时间：0.280800s][吞吐率：3.56req/s] [内存消耗：2,095.59kb] [文件加载：43]
[ info ] [ LANG ] D:\chuangzhixing\wanwan\thinkphp\lang\zh-cn.php
[ info ] [ ROUTE ] array (
  'type' => 'module',
  'module' => 
  array (
    0 => 'admin',
    1 => 'activity',
    2 => 'index',
  ),
)
[ info ] [ HEADER ] array (
  'upgrade-insecure-requests' => '1',
  'connection' => 'close',
  'cookie' => 'PHPSESSID=ags85tupcs4ok6ve1lu0eidh30',
  'referer' => 'http://www.chuangzhixing.com/abab.php/activity/index.html',
  'accept-encoding' => 'gzip, deflate',
  'accept-language' => 'zh-CN,zh;q=0.8,en-US;q=0.5,en;q=0.3',
  'accept' => 'text/html,application/xhtml+xml,application/xml;q=0.9,*/*;q=0.8',
  'user-agent' => 'Mozilla/5.0 (Windows NT 6.1; Win64; x64; rv:56.0) Gecko/20100101 Firefox/56.0',
  'host' => 'www.chuangzhixing.com',
)
[ info ] [ PARAM ] array (
)
[ info ] [ SESSION ] INIT array (
  'id' => '',
  'var_session_id' => '',
  'prefix' => 'think',
  'type' => '',
  'auto_start' => true,
)
[ info ] [ RUN ] app\admin\controller\Activity->index[ D:\chuangzhixing\wanwan\application\admin\controller\Activity.php ]
[ info ] [ DB ] INIT mysql
[ info ] [ VIEW ] D:\chuangzhixing\wanwan/application/admin\view\activity\index.html [ array (
  0 => 'ActivityInfo',
) ]
[ info ] [ LOG ] INIT File
[ sql ] [ DB ] CONNECT:[ UseTime:0.078000s ] mysql:dbname=mianfeiwan;host=47.94.233.30;charset=utf8
[ sql ] [ SQL ] SHOW COLUMNS FROM `mfw_activity` [ RunTime:0.062400s ]
[ sql ] [ SQL ] SELECT * FROM `mfw_activity` ORDER BY aid desc [ RunTime:0.093600s ]
---------------------------------------------------------------
[ 2017-10-25T08:46:01+08:00 ] 127.0.0.1 127.0.0.1 GET /abab.php/user/index.html
[ info ] www.chuangzhixing.com/abab.php/user/index.html [运行时间：0.296400s][吞吐率：3.37req/s] [内存消耗：2,044.68kb] [文件加载：44]
[ info ] [ LANG ] D:\chuangzhixing\wanwan\thinkphp\lang\zh-cn.php
[ info ] [ ROUTE ] array (
  'type' => 'module',
  'module' => 
  array (
    0 => 'admin',
    1 => 'user',
    2 => 'index',
  ),
)
[ info ] [ HEADER ] array (
  'upgrade-insecure-requests' => '1',
  'connection' => 'close',
  'cookie' => 'PHPSESSID=ags85tupcs4ok6ve1lu0eidh30',
  'referer' => 'http://www.chuangzhixing.com/abab.php/activity/index.html',
  'accept-encoding' => 'gzip, deflate',
  'accept-language' => 'zh-CN,zh;q=0.8,en-US;q=0.5,en;q=0.3',
  'accept' => 'text/html,application/xhtml+xml,application/xml;q=0.9,*/*;q=0.8',
  'user-agent' => 'Mozilla/5.0 (Windows NT 6.1; Win64; x64; rv:56.0) Gecko/20100101 Firefox/56.0',
  'host' => 'www.chuangzhixing.com',
)
[ info ] [ PARAM ] array (
)
[ info ] [ SESSION ] INIT array (
  'id' => '',
  'var_session_id' => '',
  'prefix' => 'think',
  'type' => '',
  'auto_start' => true,
)
[ info ] [ DB ] INIT mysql
[ info ] [ RUN ] app\admin\controller\User->index[ D:\chuangzhixing\wanwan\application\admin\controller\User.php ]
[ info ] [ VIEW ] D:\chuangzhixing\wanwan/application/admin\view\user\index.html [ array (
  0 => 'userInfo',
) ]
[ info ] [ LOG ] INIT File
[ sql ] [ DB ] CONNECT:[ UseTime:0.093600s ] mysql:dbname=mianfeiwan;host=47.94.233.30;charset=utf8
[ sql ] [ SQL ] SHOW COLUMNS FROM `mfw_user` [ RunTime:0.062400s ]
[ sql ] [ SQL ] SELECT * FROM `mfw_user` ORDER BY uid desc [ RunTime:0.078000s ]
