---------------------------------------------------------------
[ 2017-10-28T09:37:35+08:00 ] 127.0.0.1 127.0.0.1 GET /
[ info ] www.chuangzhixing.com/ [运行时间：0.374400s][吞吐率：2.67req/s] [内存消耗：1,896.59kb] [文件加载：44]
[ info ] [ LANG ] D:\chuangzhixing\wanwan\thinkphp\lang\zh-cn.php
[ info ] [ ROUTE ] array (
  'type' => 'module',
  'module' => 
  array (
    0 => '',
    1 => NULL,
    2 => NULL,
  ),
)
[ info ] [ HEADER ] array (
  'upgrade-insecure-requests' => '1',
  'connection' => 'close',
  'accept-encoding' => 'gzip, deflate',
  'accept-language' => 'zh-CN,zh;q=0.8,en-US;q=0.5,en;q=0.3',
  'accept' => 'text/html,application/xhtml+xml,application/xml;q=0.9,*/*;q=0.8',
  'user-agent' => 'Mozilla/5.0 (Windows NT 6.1; Win64; x64; rv:56.0) Gecko/20100101 Firefox/56.0',
  'host' => 'www.chuangzhixing.com',
)
[ info ] [ PARAM ] array (
)
[ info ] [ DB ] INIT mysql
[ info ] [ RUN ] app\home\controller\Index->index[ D:\chuangzhixing\wanwan\application\home\controller\Index.php ]
[ info ] [ VIEW ] D:\chuangzhixing\wanwan/application/home\view\index\index.html [ array (
  0 => 'title',
) ]
[ info ] [ SESSION ] INIT array (
  'id' => '',
  'var_session_id' => '',
  'prefix' => 'think',
  'type' => '',
  'auto_start' => true,
)
[ info ] [ LOG ] INIT File
[ sql ] [ DB ] CONNECT:[ UseTime:0.093600s ] mysql:dbname=mianfeiwan;host=47.94.233.30;charset=utf8
[ sql ] [ SQL ] SHOW COLUMNS FROM `mfw_activity_type` [ RunTime:0.093600s ]
[ sql ] [ SQL ] SELECT * FROM `mfw_activity_type` WHERE  `fid` = 0 ORDER BY sort asc [ RunTime:0.109200s ]
---------------------------------------------------------------
[ 2017-10-28T09:37:35+08:00 ] 127.0.0.1 127.0.0.1 GET /favicon.ico
[ info ] www.chuangzhixing.com/favicon.ico [运行时间：0.015600s][吞吐率：64.10req/s] [内存消耗：807.48kb] [文件加载：28]
[ info ] [ LANG ] D:\chuangzhixing\wanwan\thinkphp\lang\zh-cn.php
[ info ] [ ROUTE ] array (
  'type' => 'module',
  'module' => 
  array (
    0 => 'favicon.ico',
    1 => NULL,
    2 => NULL,
  ),
)
[ info ] [ HEADER ] array (
  'connection' => 'close',
  'cookie' => 'PHPSESSID=p370cahilone4lat85rtimnn16',
  'accept-encoding' => 'gzip, deflate',
  'accept-language' => 'zh-CN,zh;q=0.8,en-US;q=0.5,en;q=0.3',
  'accept' => 'text/html,application/xhtml+xml,application/xml;q=0.9,*/*;q=0.8',
  'user-agent' => 'Mozilla/5.0 (Windows NT 6.1; Win64; x64; rv:56.0) Gecko/20100101 Firefox/56.0',
  'host' => 'www.chuangzhixing.com',
)
[ info ] [ PARAM ] array (
)
[ info ] [ LOG ] INIT File
---------------------------------------------------------------
[ 2017-10-28T09:37:39+08:00 ] 127.0.0.1 127.0.0.1 GET /ad
[ info ] www.chuangzhixing.com/ad [运行时间：0.015600s][吞吐率：64.10req/s] [内存消耗：807.70kb] [文件加载：28]
[ info ] [ LANG ] D:\chuangzhixing\wanwan\thinkphp\lang\zh-cn.php
[ info ] [ ROUTE ] array (
  'type' => 'module',
  'module' => 
  array (
    0 => 'ad',
    1 => NULL,
    2 => NULL,
  ),
)
[ info ] [ HEADER ] array (
  'upgrade-insecure-requests' => '1',
  'connection' => 'close',
  'cookie' => 'PHPSESSID=p370cahilone4lat85rtimnn16',
  'accept-encoding' => 'gzip, deflate',
  'accept-language' => 'zh-CN,zh;q=0.8,en-US;q=0.5,en;q=0.3',
  'accept' => 'text/html,application/xhtml+xml,application/xml;q=0.9,*/*;q=0.8',
  'user-agent' => 'Mozilla/5.0 (Windows NT 6.1; Win64; x64; rv:56.0) Gecko/20100101 Firefox/56.0',
  'host' => 'www.chuangzhixing.com',
)
[ info ] [ PARAM ] array (
)
[ info ] [ LOG ] INIT File
---------------------------------------------------------------
[ 2017-10-28T09:37:41+08:00 ] 127.0.0.1 127.0.0.1 GET /abab.php/
[ info ] www.chuangzhixing.com/abab.php/ [运行时间：0.031200s][吞吐率：32.05req/s] [内存消耗：1,072.75kb] [文件加载：35]
[ info ] [ LANG ] D:\chuangzhixing\wanwan\thinkphp\lang\zh-cn.php
[ info ] [ ROUTE ] array (
  'type' => 'module',
  'module' => 
  array (
    0 => 'admin',
    1 => NULL,
    2 => NULL,
  ),
)
[ info ] [ HEADER ] array (
  'upgrade-insecure-requests' => '1',
  'connection' => 'close',
  'cookie' => 'PHPSESSID=p370cahilone4lat85rtimnn16',
  'accept-encoding' => 'gzip, deflate',
  'accept-language' => 'zh-CN,zh;q=0.8,en-US;q=0.5,en;q=0.3',
  'accept' => 'text/html,application/xhtml+xml,application/xml;q=0.9,*/*;q=0.8',
  'user-agent' => 'Mozilla/5.0 (Windows NT 6.1; Win64; x64; rv:56.0) Gecko/20100101 Firefox/56.0',
  'host' => 'www.chuangzhixing.com',
)
[ info ] [ PARAM ] array (
)
[ info ] [ SESSION ] INIT array (
  'id' => '',
  'var_session_id' => '',
  'prefix' => 'think',
  'type' => '',
  'auto_start' => true,
)
[ info ] [ LOG ] INIT File
---------------------------------------------------------------
[ 2017-10-28T09:37:41+08:00 ] 127.0.0.1 127.0.0.1 GET /abab.php/user/login.html
[ info ] www.chuangzhixing.com/abab.php/user/login.html [运行时间：0.015600s][吞吐率：64.10req/s] [内存消耗：1,179.02kb] [文件加载：35]
[ info ] [ LANG ] D:\chuangzhixing\wanwan\thinkphp\lang\zh-cn.php
[ info ] [ ROUTE ] array (
  'type' => 'module',
  'module' => 
  array (
    0 => 'admin',
    1 => 'user',
    2 => 'login',
  ),
)
[ info ] [ HEADER ] array (
  'upgrade-insecure-requests' => '1',
  'connection' => 'close',
  'cookie' => 'PHPSESSID=p370cahilone4lat85rtimnn16',
  'accept-encoding' => 'gzip, deflate',
  'accept-language' => 'zh-CN,zh;q=0.8,en-US;q=0.5,en;q=0.3',
  'accept' => 'text/html,application/xhtml+xml,application/xml;q=0.9,*/*;q=0.8',
  'user-agent' => 'Mozilla/5.0 (Windows NT 6.1; Win64; x64; rv:56.0) Gecko/20100101 Firefox/56.0',
  'host' => 'www.chuangzhixing.com',
)
[ info ] [ PARAM ] array (
)
[ info ] [ RUN ] app\admin\controller\User->login[ D:\chuangzhixing\wanwan\application\admin\controller\User.php ]
[ info ] [ VIEW ] D:\chuangzhixing\wanwan/application/admin\view\user\login.html [ array (
) ]
[ info ] [ LOG ] INIT File
---------------------------------------------------------------
[ 2017-10-28T09:37:48+08:00 ] 127.0.0.1 127.0.0.1 POST /abab.php/user/login
[ info ] www.chuangzhixing.com/abab.php/user/login [运行时间：0.015600s][吞吐率：64.10req/s] [内存消耗：1,042.13kb] [文件加载：31]
[ info ] [ LANG ] D:\chuangzhixing\wanwan\thinkphp\lang\zh-cn.php
[ info ] [ ROUTE ] array (
  'type' => 'module',
  'module' => 
  array (
    0 => 'admin',
    1 => 'user',
    2 => 'login',
  ),
)
[ info ] [ HEADER ] array (
  'connection' => 'close',
  'cookie' => 'PHPSESSID=p370cahilone4lat85rtimnn16',
  'content-length' => '34',
  'referer' => 'http://www.chuangzhixing.com/abab.php/user/login.html',
  'x-requested-with' => 'XMLHttpRequest',
  'content-type' => 'application/x-www-form-urlencoded; charset=UTF-8',
  'accept-encoding' => 'gzip, deflate',
  'accept-language' => 'zh-CN,zh;q=0.8,en-US;q=0.5,en;q=0.3',
  'accept' => 'application/json, text/javascript, */*; q=0.01',
  'user-agent' => 'Mozilla/5.0 (Windows NT 6.1; Win64; x64; rv:56.0) Gecko/20100101 Firefox/56.0',
  'host' => 'www.chuangzhixing.com',
)
[ info ] [ PARAM ] array (
  'name' => 'admin',
  'pwd' => 'wanwanwan123!@#',
)
[ info ] [ RUN ] app\admin\controller\User->login[ D:\chuangzhixing\wanwan\application\admin\controller\User.php ]
[ info ] [ SESSION ] INIT array (
  'id' => '',
  'var_session_id' => '',
  'prefix' => 'think',
  'type' => '',
  'auto_start' => true,
)
[ info ] [ LOG ] INIT File
---------------------------------------------------------------
[ 2017-10-28T09:37:49+08:00 ] 127.0.0.1 127.0.0.1 GET /abab.php/user/index
[ info ] www.chuangzhixing.com/abab.php/user/index [运行时间：0.733200s][吞吐率：1.36req/s] [内存消耗：2,022.79kb] [文件加载：43]
[ info ] [ LANG ] D:\chuangzhixing\wanwan\thinkphp\lang\zh-cn.php
[ info ] [ ROUTE ] array (
  'type' => 'module',
  'module' => 
  array (
    0 => 'admin',
    1 => 'user',
    2 => 'index',
  ),
)
[ info ] [ HEADER ] array (
  'upgrade-insecure-requests' => '1',
  'connection' => 'close',
  'cookie' => 'PHPSESSID=p370cahilone4lat85rtimnn16',
  'referer' => 'http://www.chuangzhixing.com/abab.php/user/login.html',
  'accept-encoding' => 'gzip, deflate',
  'accept-language' => 'zh-CN,zh;q=0.8,en-US;q=0.5,en;q=0.3',
  'accept' => 'text/html,application/xhtml+xml,application/xml;q=0.9,*/*;q=0.8',
  'user-agent' => 'Mozilla/5.0 (Windows NT 6.1; Win64; x64; rv:56.0) Gecko/20100101 Firefox/56.0',
  'host' => 'www.chuangzhixing.com',
)
[ info ] [ PARAM ] array (
)
[ info ] [ SESSION ] INIT array (
  'id' => '',
  'var_session_id' => '',
  'prefix' => 'think',
  'type' => '',
  'auto_start' => true,
)
[ info ] [ RUN ] app\admin\controller\User->index[ D:\chuangzhixing\wanwan\application\admin\controller\User.php ]
[ info ] [ DB ] INIT mysql
[ info ] [ VIEW ] D:\chuangzhixing\wanwan/application/admin\view\user\index.html [ array (
  0 => 'userInfo',
) ]
[ info ] [ LOG ] INIT File
[ sql ] [ DB ] CONNECT:[ UseTime:0.140400s ] mysql:dbname=mianfeiwan;host=47.94.233.30;charset=utf8
[ sql ] [ SQL ] SHOW COLUMNS FROM `mfw_user` [ RunTime:0.093600s ]
[ sql ] [ SQL ] SELECT * FROM `mfw_user` ORDER BY uid desc [ RunTime:0.468000s ]
---------------------------------------------------------------
[ 2017-10-28T09:37:59+08:00 ] 127.0.0.1 127.0.0.1 POST /abab.php/user/getUserInfo
[ info ] www.chuangzhixing.com/abab.php/user/getUserInfo [运行时间：0.733200s][吞吐率：1.36req/s] [内存消耗：1,913.17kb] [文件加载：41]
[ info ] [ LANG ] D:\chuangzhixing\wanwan\thinkphp\lang\zh-cn.php
[ info ] [ ROUTE ] array (
  'type' => 'module',
  'module' => 
  array (
    0 => 'admin',
    1 => 'user',
    2 => 'getUserInfo',
  ),
)
[ info ] [ HEADER ] array (
  'connection' => 'close',
  'cookie' => 'PHPSESSID=p370cahilone4lat85rtimnn16',
  'content-length' => '7',
  'referer' => 'http://www.chuangzhixing.com/abab.php/user/index',
  'x-requested-with' => 'XMLHttpRequest',
  'content-type' => 'application/x-www-form-urlencoded; charset=UTF-8',
  'accept-encoding' => 'gzip, deflate',
  'accept-language' => 'zh-CN,zh;q=0.8,en-US;q=0.5,en;q=0.3',
  'accept' => '*/*',
  'user-agent' => 'Mozilla/5.0 (Windows NT 6.1; Win64; x64; rv:56.0) Gecko/20100101 Firefox/56.0',
  'host' => 'www.chuangzhixing.com',
)
[ info ] [ PARAM ] array (
  'uid' => '113',
)
[ info ] [ SESSION ] INIT array (
  'id' => '',
  'var_session_id' => '',
  'prefix' => 'think',
  'type' => '',
  'auto_start' => true,
)
[ info ] [ RUN ] app\admin\controller\User->getUserInfo[ D:\chuangzhixing\wanwan\application\admin\controller\User.php ]
[ info ] [ DB ] INIT mysql
[ info ] [ LOG ] INIT File
[ sql ] [ DB ] CONNECT:[ UseTime:0.202800s ] mysql:dbname=mianfeiwan;host=47.94.233.30;charset=utf8
[ sql ] [ SQL ] SHOW COLUMNS FROM `mfw_user` [ RunTime:0.109200s ]
[ sql ] [ SQL ] SELECT * FROM `mfw_user` WHERE  `uid` = 113 LIMIT 1 [ RunTime:0.078000s ]
[ sql ] [ SQL ] SHOW COLUMNS FROM `mfw_region` [ RunTime:0.078000s ]
[ sql ] [ SQL ] SELECT * FROM `mfw_region` WHERE  `id` = 0 LIMIT 1 [ RunTime:0.078000s ]
[ sql ] [ SQL ] SELECT * FROM `mfw_region` WHERE  `id` = 0 LIMIT 1 [ RunTime:0.078000s ]
[ sql ] [ SQL ] SELECT * FROM `mfw_region` WHERE  `id` = 0 LIMIT 1 [ RunTime:0.078000s ]
---------------------------------------------------------------
[ 2017-10-28T09:38:06+08:00 ] 127.0.0.1 127.0.0.1 GET /abab.php/user/index
[ info ] www.chuangzhixing.com/abab.php/user/index [运行时间：0.686400s][吞吐率：1.46req/s] [内存消耗：2,023.05kb] [文件加载：43]
[ info ] [ LANG ] D:\chuangzhixing\wanwan\thinkphp\lang\zh-cn.php
[ info ] [ ROUTE ] array (
  'type' => 'module',
  'module' => 
  array (
    0 => 'admin',
    1 => 'user',
    2 => 'index',
  ),
)
[ info ] [ HEADER ] array (
  'cache-control' => 'max-age=0',
  'upgrade-insecure-requests' => '1',
  'connection' => 'close',
  'cookie' => 'PHPSESSID=p370cahilone4lat85rtimnn16',
  'referer' => 'http://www.chuangzhixing.com/abab.php/user/login.html',
  'accept-encoding' => 'gzip, deflate',
  'accept-language' => 'zh-CN,zh;q=0.8,en-US;q=0.5,en;q=0.3',
  'accept' => 'text/html,application/xhtml+xml,application/xml;q=0.9,*/*;q=0.8',
  'user-agent' => 'Mozilla/5.0 (Windows NT 6.1; Win64; x64; rv:56.0) Gecko/20100101 Firefox/56.0',
  'host' => 'www.chuangzhixing.com',
)
[ info ] [ PARAM ] array (
)
[ info ] [ SESSION ] INIT array (
  'id' => '',
  'var_session_id' => '',
  'prefix' => 'think',
  'type' => '',
  'auto_start' => true,
)
[ info ] [ RUN ] app\admin\controller\User->index[ D:\chuangzhixing\wanwan\application\admin\controller\User.php ]
[ info ] [ DB ] INIT mysql
[ info ] [ VIEW ] D:\chuangzhixing\wanwan/application/admin\view\user\index.html [ array (
  0 => 'userInfo',
) ]
[ info ] [ LOG ] INIT File
[ sql ] [ DB ] CONNECT:[ UseTime:0.156000s ] mysql:dbname=mianfeiwan;host=47.94.233.30;charset=utf8
[ sql ] [ SQL ] SHOW COLUMNS FROM `mfw_user` [ RunTime:0.234000s ]
[ sql ] [ SQL ] SELECT * FROM `mfw_user` ORDER BY uid desc [ RunTime:0.218400s ]
---------------------------------------------------------------
[ 2017-10-28T09:38:10+08:00 ] 127.0.0.1 127.0.0.1 GET /abab.php/user/recharge_record.html
[ info ] www.chuangzhixing.com/abab.php/user/recharge_record.html [运行时间：0.305000s][吞吐率：3.28req/s] [内存消耗：1,957.83kb] [文件加载：44]
[ info ] [ LANG ] D:\chuangzhixing\wanwan\thinkphp\lang\zh-cn.php
[ info ] [ ROUTE ] array (
  'type' => 'module',
  'module' => 
  array (
    0 => 'admin',
    1 => 'user',
    2 => 'recharge_record',
  ),
)
[ info ] [ HEADER ] array (
  'upgrade-insecure-requests' => '1',
  'connection' => 'close',
  'cookie' => 'PHPSESSID=p370cahilone4lat85rtimnn16',
  'referer' => 'http://www.chuangzhixing.com/abab.php/user/index',
  'accept-encoding' => 'gzip, deflate',
  'accept-language' => 'zh-CN,zh;q=0.8,en-US;q=0.5,en;q=0.3',
  'accept' => 'text/html,application/xhtml+xml,application/xml;q=0.9,*/*;q=0.8',
  'user-agent' => 'Mozilla/5.0 (Windows NT 6.1; Win64; x64; rv:56.0) Gecko/20100101 Firefox/56.0',
  'host' => 'www.chuangzhixing.com',
)
[ info ] [ PARAM ] array (
)
[ info ] [ SESSION ] INIT array (
  'id' => '',
  'var_session_id' => '',
  'prefix' => 'think',
  'type' => '',
  'auto_start' => true,
)
[ info ] [ RUN ] app\admin\controller\User->recharge_record[ D:\chuangzhixing\wanwan\application\admin\controller\User.php ]
[ info ] [ DB ] INIT mysql
[ info ] [ VIEW ] D:\chuangzhixing\wanwan/application/admin\view\user\recharge_record.html [ array (
  0 => 'res',
) ]
[ info ] [ LOG ] INIT File
[ sql ] [ DB ] CONNECT:[ UseTime:0.085000s ] mysql:dbname=mianfeiwan;host=47.94.233.30;charset=utf8
[ sql ] [ SQL ] SHOW COLUMNS FROM `mfw_recharge_record` [ RunTime:0.090000s ]
[ sql ] [ SQL ] SELECT `r`.*,`u`.`nickname`,`u`.`mobile`,`u`.`balance` FROM `mfw_recharge_record` `r` LEFT JOIN `mfw_user` `u` ON `r`.`uid`=`u`.`uid` [ RunTime:0.067000s ]
---------------------------------------------------------------
[ 2017-10-28T09:40:30+08:00 ] 127.0.0.1 127.0.0.1 GET /abab.php/user/recharge_record.html
[ info ] www.chuangzhixing.com/abab.php/user/recharge_record.html [运行时间：0.514800s][吞吐率：1.94req/s] [内存消耗：2,081.65kb] [文件加载：46]
[ info ] [ LANG ] D:\chuangzhixing\wanwan\thinkphp\lang\zh-cn.php
[ info ] [ ROUTE ] array (
  'type' => 'module',
  'module' => 
  array (
    0 => 'admin',
    1 => 'user',
    2 => 'recharge_record',
  ),
)
[ info ] [ HEADER ] array (
  'cache-control' => 'max-age=0',
  'upgrade-insecure-requests' => '1',
  'connection' => 'close',
  'cookie' => 'PHPSESSID=p370cahilone4lat85rtimnn16',
  'referer' => 'http://www.chuangzhixing.com/abab.php/user/index',
  'accept-encoding' => 'gzip, deflate',
  'accept-language' => 'zh-CN,zh;q=0.8,en-US;q=0.5,en;q=0.3',
  'accept' => 'text/html,application/xhtml+xml,application/xml;q=0.9,*/*;q=0.8',
  'user-agent' => 'Mozilla/5.0 (Windows NT 6.1; Win64; x64; rv:56.0) Gecko/20100101 Firefox/56.0',
  'host' => 'www.chuangzhixing.com',
)
[ info ] [ PARAM ] array (
)
[ info ] [ SESSION ] INIT array (
  'id' => '',
  'var_session_id' => '',
  'prefix' => 'think',
  'type' => '',
  'auto_start' => true,
)
[ info ] [ RUN ] app\admin\controller\User->recharge_record[ D:\chuangzhixing\wanwan\application\admin\controller\User.php ]
[ info ] [ DB ] INIT mysql
[ info ] [ VIEW ] D:\chuangzhixing\wanwan/application/admin\view\user\recharge_record.html [ array (
  0 => 'res',
) ]
[ info ] [ LOG ] INIT File
[ sql ] [ DB ] CONNECT:[ UseTime:0.171600s ] mysql:dbname=mianfeiwan;host=47.94.233.30;charset=utf8
[ sql ] [ SQL ] SHOW COLUMNS FROM `mfw_recharge_record` [ RunTime:0.109200s ]
[ sql ] [ SQL ] SELECT `r`.*,`u`.`nickname`,`u`.`mobile`,`u`.`balance` FROM `mfw_recharge_record` `r` LEFT JOIN `mfw_user` `u` ON `r`.`uid`=`u`.`uid` [ RunTime:0.140400s ]
---------------------------------------------------------------
[ 2017-10-28T09:42:39+08:00 ] 127.0.0.1 127.0.0.1 GET /abab.php/user/recharge_record.html
[ info ] www.chuangzhixing.com/abab.php/user/recharge_record.html [运行时间：1.478000s][吞吐率：0.68req/s] [内存消耗：2,082.26kb] [文件加载：46]
[ info ] [ LANG ] D:\chuangzhixing\wanwan\thinkphp\lang\zh-cn.php
[ info ] [ ROUTE ] array (
  'type' => 'module',
  'module' => 
  array (
    0 => 'admin',
    1 => 'user',
    2 => 'recharge_record',
  ),
)
[ info ] [ HEADER ] array (
  'cache-control' => 'max-age=0',
  'upgrade-insecure-requests' => '1',
  'connection' => 'close',
  'cookie' => 'PHPSESSID=p370cahilone4lat85rtimnn16',
  'referer' => 'http://www.chuangzhixing.com/abab.php/user/index',
  'accept-encoding' => 'gzip, deflate',
  'accept-language' => 'zh-CN,zh;q=0.8,en-US;q=0.5,en;q=0.3',
  'accept' => 'text/html,application/xhtml+xml,application/xml;q=0.9,*/*;q=0.8',
  'user-agent' => 'Mozilla/5.0 (Windows NT 6.1; Win64; x64; rv:56.0) Gecko/20100101 Firefox/56.0',
  'host' => 'www.chuangzhixing.com',
)
[ info ] [ PARAM ] array (
)
[ info ] [ SESSION ] INIT array (
  'id' => '',
  'var_session_id' => '',
  'prefix' => 'think',
  'type' => '',
  'auto_start' => true,
)
[ info ] [ RUN ] app\admin\controller\User->recharge_record[ D:\chuangzhixing\wanwan\application\admin\controller\User.php ]
[ info ] [ DB ] INIT mysql
[ info ] [ VIEW ] D:\chuangzhixing\wanwan/application/admin\view\user\recharge_record.html [ array (
  0 => 'res',
) ]
[ info ] [ LOG ] INIT File
[ sql ] [ DB ] CONNECT:[ UseTime:1.291000s ] mysql:dbname=mianfeiwan;host=47.94.233.30;charset=utf8
[ sql ] [ SQL ] SHOW COLUMNS FROM `mfw_recharge_record` [ RunTime:0.059000s ]
[ sql ] [ SQL ] SELECT `r`.*,`u`.`nickname`,`u`.`mobile`,`u`.`balance` FROM `mfw_recharge_record` `r` LEFT JOIN `mfw_user` `u` ON `r`.`uid`=`u`.`uid` [ RunTime:0.068000s ]
---------------------------------------------------------------
[ 2017-10-28T09:42:49+08:00 ] 127.0.0.1 127.0.0.1 GET /abab.php/user/index.html
[ info ] www.chuangzhixing.com/abab.php/user/index.html [运行时间：0.358000s][吞吐率：2.79req/s] [内存消耗：2,022.80kb] [文件加载：43]
[ info ] [ LANG ] D:\chuangzhixing\wanwan\thinkphp\lang\zh-cn.php
[ info ] [ ROUTE ] array (
  'type' => 'module',
  'module' => 
  array (
    0 => 'admin',
    1 => 'user',
    2 => 'index',
  ),
)
[ info ] [ HEADER ] array (
  'upgrade-insecure-requests' => '1',
  'connection' => 'close',
  'cookie' => 'PHPSESSID=p370cahilone4lat85rtimnn16',
  'referer' => 'http://www.chuangzhixing.com/abab.php/user/recharge_record.html',
  'accept-encoding' => 'gzip, deflate',
  'accept-language' => 'zh-CN,zh;q=0.8,en-US;q=0.5,en;q=0.3',
  'accept' => 'text/html,application/xhtml+xml,application/xml;q=0.9,*/*;q=0.8',
  'user-agent' => 'Mozilla/5.0 (Windows NT 6.1; Win64; x64; rv:56.0) Gecko/20100101 Firefox/56.0',
  'host' => 'www.chuangzhixing.com',
)
[ info ] [ PARAM ] array (
)
[ info ] [ SESSION ] INIT array (
  'id' => '',
  'var_session_id' => '',
  'prefix' => 'think',
  'type' => '',
  'auto_start' => true,
)
[ info ] [ RUN ] app\admin\controller\User->index[ D:\chuangzhixing\wanwan\application\admin\controller\User.php ]
[ info ] [ DB ] INIT mysql
[ info ] [ VIEW ] D:\chuangzhixing\wanwan/application/admin\view\user\index.html [ array (
  0 => 'userInfo',
) ]
[ info ] [ LOG ] INIT File
[ sql ] [ DB ] CONNECT:[ UseTime:0.125000s ] mysql:dbname=mianfeiwan;host=47.94.233.30;charset=utf8
[ sql ] [ SQL ] SHOW COLUMNS FROM `mfw_user` [ RunTime:0.075000s ]
[ sql ] [ SQL ] SELECT * FROM `mfw_user` ORDER BY uid desc [ RunTime:0.098000s ]
---------------------------------------------------------------
[ 2017-10-28T09:42:52+08:00 ] 127.0.0.1 127.0.0.1 GET /abab.php/user/recharge/uid/113.html
[ info ] www.chuangzhixing.com/abab.php/user/recharge/uid/113.html [运行时间：1.486000s][吞吐率：0.67req/s] [内存消耗：1,955.95kb] [文件加载：43]
[ info ] [ LANG ] D:\chuangzhixing\wanwan\thinkphp\lang\zh-cn.php
[ info ] [ ROUTE ] array (
  'type' => 'module',
  'module' => 
  array (
    0 => 'admin',
    1 => 'user',
    2 => 'recharge',
  ),
)
[ info ] [ HEADER ] array (
  'upgrade-insecure-requests' => '1',
  'connection' => 'close',
  'cookie' => 'PHPSESSID=p370cahilone4lat85rtimnn16',
  'referer' => 'http://www.chuangzhixing.com/abab.php/user/index.html',
  'accept-encoding' => 'gzip, deflate',
  'accept-language' => 'zh-CN,zh;q=0.8,en-US;q=0.5,en;q=0.3',
  'accept' => 'text/html,application/xhtml+xml,application/xml;q=0.9,*/*;q=0.8',
  'user-agent' => 'Mozilla/5.0 (Windows NT 6.1; Win64; x64; rv:56.0) Gecko/20100101 Firefox/56.0',
  'host' => 'www.chuangzhixing.com',
)
[ info ] [ PARAM ] array (
  'uid' => '113',
)
[ info ] [ SESSION ] INIT array (
  'id' => '',
  'var_session_id' => '',
  'prefix' => 'think',
  'type' => '',
  'auto_start' => true,
)
[ info ] [ RUN ] app\admin\controller\User->recharge[ D:\chuangzhixing\wanwan\application\admin\controller\User.php ]
[ info ] [ DB ] INIT mysql
[ info ] [ VIEW ] D:\chuangzhixing\wanwan/application/admin\view\user\recharge.html [ array (
  0 => 'userInfo',
) ]
[ info ] [ LOG ] INIT File
[ sql ] [ DB ] CONNECT:[ UseTime:1.237000s ] mysql:dbname=mianfeiwan;host=47.94.233.30;charset=utf8
[ sql ] [ SQL ] SHOW COLUMNS FROM `mfw_user` [ RunTime:0.111000s ]
[ sql ] [ SQL ] SELECT * FROM `mfw_user` WHERE  `uid` = 113 LIMIT 1 [ RunTime:0.090000s ]
---------------------------------------------------------------
[ 2017-10-28T09:44:49+08:00 ] 127.0.0.1 127.0.0.1 GET /abab.php/user/index.html
[ info ] www.chuangzhixing.com/abab.php/user/index.html [运行时间：0.322000s][吞吐率：3.11req/s] [内存消耗：2,022.91kb] [文件加载：43]
[ info ] [ LANG ] D:\chuangzhixing\wanwan\thinkphp\lang\zh-cn.php
[ info ] [ ROUTE ] array (
  'type' => 'module',
  'module' => 
  array (
    0 => 'admin',
    1 => 'user',
    2 => 'index',
  ),
)
[ info ] [ HEADER ] array (
  'upgrade-insecure-requests' => '1',
  'connection' => 'close',
  'cookie' => 'PHPSESSID=p370cahilone4lat85rtimnn16',
  'referer' => 'http://www.chuangzhixing.com/abab.php/user/recharge/uid/113.html',
  'accept-encoding' => 'gzip, deflate',
  'accept-language' => 'zh-CN,zh;q=0.8,en-US;q=0.5,en;q=0.3',
  'accept' => 'text/html,application/xhtml+xml,application/xml;q=0.9,*/*;q=0.8',
  'user-agent' => 'Mozilla/5.0 (Windows NT 6.1; Win64; x64; rv:56.0) Gecko/20100101 Firefox/56.0',
  'host' => 'www.chuangzhixing.com',
)
[ info ] [ PARAM ] array (
)
[ info ] [ SESSION ] INIT array (
  'id' => '',
  'var_session_id' => '',
  'prefix' => 'think',
  'type' => '',
  'auto_start' => true,
)
[ info ] [ RUN ] app\admin\controller\User->index[ D:\chuangzhixing\wanwan\application\admin\controller\User.php ]
[ info ] [ DB ] INIT mysql
[ info ] [ VIEW ] D:\chuangzhixing\wanwan/application/admin\view\user\index.html [ array (
  0 => 'userInfo',
) ]
[ info ] [ LOG ] INIT File
[ sql ] [ DB ] CONNECT:[ UseTime:0.113000s ] mysql:dbname=mianfeiwan;host=47.94.233.30;charset=utf8
[ sql ] [ SQL ] SHOW COLUMNS FROM `mfw_user` [ RunTime:0.093000s ]
[ sql ] [ SQL ] SELECT * FROM `mfw_user` ORDER BY uid desc [ RunTime:0.078000s ]
---------------------------------------------------------------
[ 2017-10-28T09:44:54+08:00 ] 127.0.0.1 127.0.0.1 POST /abab.php/user/getUserInfo
[ info ] www.chuangzhixing.com/abab.php/user/getUserInfo [运行时间：0.346000s][吞吐率：2.89req/s] [内存消耗：1,917.24kb] [文件加载：41]
[ info ] [ LANG ] D:\chuangzhixing\wanwan\thinkphp\lang\zh-cn.php
[ info ] [ ROUTE ] array (
  'type' => 'module',
  'module' => 
  array (
    0 => 'admin',
    1 => 'user',
    2 => 'getUserInfo',
  ),
)
[ info ] [ HEADER ] array (
  'connection' => 'close',
  'cookie' => 'PHPSESSID=p370cahilone4lat85rtimnn16',
  'content-length' => '6',
  'referer' => 'http://www.chuangzhixing.com/abab.php/user/index.html',
  'x-requested-with' => 'XMLHttpRequest',
  'content-type' => 'application/x-www-form-urlencoded; charset=UTF-8',
  'accept-encoding' => 'gzip, deflate',
  'accept-language' => 'zh-CN,zh;q=0.8,en-US;q=0.5,en;q=0.3',
  'accept' => '*/*',
  'user-agent' => 'Mozilla/5.0 (Windows NT 6.1; Win64; x64; rv:56.0) Gecko/20100101 Firefox/56.0',
  'host' => 'www.chuangzhixing.com',
)
[ info ] [ PARAM ] array (
  'uid' => '95',
)
[ info ] [ SESSION ] INIT array (
  'id' => '',
  'var_session_id' => '',
  'prefix' => 'think',
  'type' => '',
  'auto_start' => true,
)
[ info ] [ RUN ] app\admin\controller\User->getUserInfo[ D:\chuangzhixing\wanwan\application\admin\controller\User.php ]
[ info ] [ DB ] INIT mysql
[ info ] [ LOG ] INIT File
[ sql ] [ DB ] CONNECT:[ UseTime:0.060000s ] mysql:dbname=mianfeiwan;host=47.94.233.30;charset=utf8
[ sql ] [ SQL ] SHOW COLUMNS FROM `mfw_user` [ RunTime:0.039000s ]
[ sql ] [ SQL ] SELECT * FROM `mfw_user` WHERE  `uid` = 95 LIMIT 1 [ RunTime:0.041000s ]
[ sql ] [ SQL ] SHOW COLUMNS FROM `mfw_region` [ RunTime:0.038000s ]
[ sql ] [ SQL ] SELECT * FROM `mfw_region` WHERE  `id` = 11 LIMIT 1 [ RunTime:0.046000s ]
[ sql ] [ SQL ] SELECT * FROM `mfw_region` WHERE  `id` = 149 LIMIT 1 [ RunTime:0.046000s ]
[ sql ] [ SQL ] SELECT * FROM `mfw_region` WHERE  `id` = 1251 LIMIT 1 [ RunTime:0.036000s ]
---------------------------------------------------------------
[ 2017-10-28T09:44:56+08:00 ] 127.0.0.1 127.0.0.1 GET /abab.php/user/recharge/uid/95.html
[ info ] www.chuangzhixing.com/abab.php/user/recharge/uid/95.html [运行时间：0.351000s][吞吐率：2.85req/s] [内存消耗：1,956.15kb] [文件加载：43]
[ info ] [ LANG ] D:\chuangzhixing\wanwan\thinkphp\lang\zh-cn.php
[ info ] [ ROUTE ] array (
  'type' => 'module',
  'module' => 
  array (
    0 => 'admin',
    1 => 'user',
    2 => 'recharge',
  ),
)
[ info ] [ HEADER ] array (
  'upgrade-insecure-requests' => '1',
  'connection' => 'close',
  'cookie' => 'PHPSESSID=p370cahilone4lat85rtimnn16',
  'referer' => 'http://www.chuangzhixing.com/abab.php/user/index.html',
  'accept-encoding' => 'gzip, deflate',
  'accept-language' => 'zh-CN,zh;q=0.8,en-US;q=0.5,en;q=0.3',
  'accept' => 'text/html,application/xhtml+xml,application/xml;q=0.9,*/*;q=0.8',
  'user-agent' => 'Mozilla/5.0 (Windows NT 6.1; Win64; x64; rv:56.0) Gecko/20100101 Firefox/56.0',
  'host' => 'www.chuangzhixing.com',
)
[ info ] [ PARAM ] array (
  'uid' => '95',
)
[ info ] [ SESSION ] INIT array (
  'id' => '',
  'var_session_id' => '',
  'prefix' => 'think',
  'type' => '',
  'auto_start' => true,
)
[ info ] [ RUN ] app\admin\controller\User->recharge[ D:\chuangzhixing\wanwan\application\admin\controller\User.php ]
[ info ] [ DB ] INIT mysql
[ info ] [ VIEW ] D:\chuangzhixing\wanwan/application/admin\view\user\recharge.html [ array (
  0 => 'userInfo',
) ]
[ info ] [ LOG ] INIT File
[ sql ] [ DB ] CONNECT:[ UseTime:0.112000s ] mysql:dbname=mianfeiwan;host=47.94.233.30;charset=utf8
[ sql ] [ SQL ] SHOW COLUMNS FROM `mfw_user` [ RunTime:0.093000s ]
[ sql ] [ SQL ] SELECT * FROM `mfw_user` WHERE  `uid` = 95 LIMIT 1 [ RunTime:0.091000s ]
---------------------------------------------------------------
[ 2017-10-28T09:45:53+08:00 ] 127.0.0.1 127.0.0.1 GET /abab.php/user/recharge/uid/95.html
[ info ] www.chuangzhixing.com/abab.php/user/recharge/uid/95.html [运行时间：0.337000s][吞吐率：2.97req/s] [内存消耗：2,080.44kb] [文件加载：45]
[ info ] [ LANG ] D:\chuangzhixing\wanwan\thinkphp\lang\zh-cn.php
[ info ] [ ROUTE ] array (
  'type' => 'module',
  'module' => 
  array (
    0 => 'admin',
    1 => 'user',
    2 => 'recharge',
  ),
)
[ info ] [ HEADER ] array (
  'cache-control' => 'max-age=0',
  'upgrade-insecure-requests' => '1',
  'connection' => 'close',
  'cookie' => 'PHPSESSID=p370cahilone4lat85rtimnn16',
  'referer' => 'http://www.chuangzhixing.com/abab.php/user/index.html',
  'accept-encoding' => 'gzip, deflate',
  'accept-language' => 'zh-CN,zh;q=0.8,en-US;q=0.5,en;q=0.3',
  'accept' => 'text/html,application/xhtml+xml,application/xml;q=0.9,*/*;q=0.8',
  'user-agent' => 'Mozilla/5.0 (Windows NT 6.1; Win64; x64; rv:56.0) Gecko/20100101 Firefox/56.0',
  'host' => 'www.chuangzhixing.com',
)
[ info ] [ PARAM ] array (
  'uid' => '95',
)
[ info ] [ SESSION ] INIT array (
  'id' => '',
  'var_session_id' => '',
  'prefix' => 'think',
  'type' => '',
  'auto_start' => true,
)
[ info ] [ RUN ] app\admin\controller\User->recharge[ D:\chuangzhixing\wanwan\application\admin\controller\User.php ]
[ info ] [ DB ] INIT mysql
[ info ] [ VIEW ] D:\chuangzhixing\wanwan/application/admin\view\user\recharge.html [ array (
  0 => 'userInfo',
) ]
[ info ] [ LOG ] INIT File
[ sql ] [ DB ] CONNECT:[ UseTime:0.097000s ] mysql:dbname=mianfeiwan;host=47.94.233.30;charset=utf8
[ sql ] [ SQL ] SHOW COLUMNS FROM `mfw_user` [ RunTime:0.086000s ]
[ sql ] [ SQL ] SELECT * FROM `mfw_user` WHERE  `uid` = 95 LIMIT 1 [ RunTime:0.102000s ]
---------------------------------------------------------------
[ 2017-10-28T09:46:09+08:00 ] 127.0.0.1 127.0.0.1 POST /abab.php/user/add_recharge.html
[ info ] www.chuangzhixing.com/abab.php/user/add_recharge.html [运行时间：0.258000s][吞吐率：3.88req/s] [内存消耗：1,951.42kb] [文件加载：46]
[ info ] [ LANG ] D:\chuangzhixing\wanwan\thinkphp\lang\zh-cn.php
[ info ] [ ROUTE ] array (
  'type' => 'module',
  'module' => 
  array (
    0 => 'admin',
    1 => 'user',
    2 => 'add_recharge',
  ),
)
[ info ] [ HEADER ] array (
  'upgrade-insecure-requests' => '1',
  'connection' => 'close',
  'cookie' => 'PHPSESSID=p370cahilone4lat85rtimnn16',
  'referer' => 'http://www.chuangzhixing.com/abab.php/user/recharge/uid/95.html',
  'content-length' => '27',
  'content-type' => 'application/x-www-form-urlencoded',
  'accept-encoding' => 'gzip, deflate',
  'accept-language' => 'zh-CN,zh;q=0.8,en-US;q=0.5,en;q=0.3',
  'accept' => 'text/html,application/xhtml+xml,application/xml;q=0.9,*/*;q=0.8',
  'user-agent' => 'Mozilla/5.0 (Windows NT 6.1; Win64; x64; rv:56.0) Gecko/20100101 Firefox/56.0',
  'host' => 'www.chuangzhixing.com',
)
[ info ] [ PARAM ] array (
  'uid' => '95',
  'amount' => '0.1',
  'pay_way' => '2',
)
[ info ] [ SESSION ] INIT array (
  'id' => '',
  'var_session_id' => '',
  'prefix' => 'think',
  'type' => '',
  'auto_start' => true,
)
[ info ] [ RUN ] app\admin\controller\User->add_recharge[ D:\chuangzhixing\wanwan\application\admin\controller\User.php ]
[ info ] [ DB ] INIT mysql
[ info ] [ LOG ] INIT File
[ sql ] [ DB ] CONNECT:[ UseTime:0.083000s ] mysql:dbname=mianfeiwan;host=47.94.233.30;charset=utf8
[ sql ] [ SQL ] SHOW COLUMNS FROM `mfw_user` [ RunTime:0.063000s ]
[ sql ] [ SQL ] SELECT * FROM `mfw_user` WHERE  `uid` = 95 LIMIT 1 [ RunTime:0.065000s ]
[ error ] [8]Use of undefined constant data - assumed 'data'[D:\chuangzhixing\wanwan\application\admin\logic\UserLogic.php:85]
---------------------------------------------------------------
[ 2017-10-28T09:46:26+08:00 ] 127.0.0.1 127.0.0.1 POST /abab.php/user/add_recharge.html
[ info ] www.chuangzhixing.com/abab.php/user/add_recharge.html [运行时间：0.547000s][吞吐率：1.83req/s] [内存消耗：2,063.30kb] [文件加载：49]
[ info ] [ LANG ] D:\chuangzhixing\wanwan\thinkphp\lang\zh-cn.php
[ info ] [ ROUTE ] array (
  'type' => 'module',
  'module' => 
  array (
    0 => 'admin',
    1 => 'user',
    2 => 'add_recharge',
  ),
)
[ info ] [ HEADER ] array (
  'cache-control' => 'max-age=0',
  'upgrade-insecure-requests' => '1',
  'connection' => 'close',
  'cookie' => 'PHPSESSID=p370cahilone4lat85rtimnn16',
  'referer' => 'http://www.chuangzhixing.com/abab.php/user/recharge/uid/95.html',
  'content-length' => '27',
  'content-type' => 'application/x-www-form-urlencoded',
  'accept-encoding' => 'gzip, deflate',
  'accept-language' => 'zh-CN,zh;q=0.8,en-US;q=0.5,en;q=0.3',
  'accept' => 'text/html,application/xhtml+xml,application/xml;q=0.9,*/*;q=0.8',
  'user-agent' => 'Mozilla/5.0 (Windows NT 6.1; Win64; x64; rv:56.0) Gecko/20100101 Firefox/56.0',
  'host' => 'www.chuangzhixing.com',
)
[ info ] [ PARAM ] array (
  'uid' => '95',
  'amount' => '0.1',
  'pay_way' => '2',
)
[ info ] [ SESSION ] INIT array (
  'id' => '',
  'var_session_id' => '',
  'prefix' => 'think',
  'type' => '',
  'auto_start' => true,
)
[ info ] [ RUN ] app\admin\controller\User->add_recharge[ D:\chuangzhixing\wanwan\application\admin\controller\User.php ]
[ info ] [ DB ] INIT mysql
[ info ] [ CACHE ] INIT File
[ info ] [ VIEW ] D:\chuangzhixing\wanwan\thinkphp\tpl\dispatch_jump.tpl [ array (
  0 => 'code',
  1 => 'msg',
  2 => 'data',
  3 => 'url',
  4 => 'wait',
) ]
[ info ] [ LOG ] INIT File
[ sql ] [ DB ] CONNECT:[ UseTime:0.102000s ] mysql:dbname=mianfeiwan;host=47.94.233.30;charset=utf8
[ sql ] [ SQL ] SHOW COLUMNS FROM `mfw_user` [ RunTime:0.071000s ]
[ sql ] [ SQL ] SELECT * FROM `mfw_user` WHERE  `uid` = 95 LIMIT 1 [ RunTime:0.081000s ]
[ sql ] [ SQL ] SHOW COLUMNS FROM `mfw_recharge_record` [ RunTime:0.100000s ]
[ sql ] [ SQL ] INSERT INTO `mfw_recharge_record` (`uid` , `amount` , `pay_way` , `status` , `pay_time`) VALUES (95 , 0.1 , 2 , 1 , 1509155186) [ RunTime:0.071000s ]
[ sql ] [ SQL ] UPDATE `mfw_user`  SET `balance`=20.1  WHERE  `uid` = 95 [ RunTime:0.073000s ]
---------------------------------------------------------------
[ 2017-10-28T09:46:28+08:00 ] 127.0.0.1 127.0.0.1 GET /abab.php/user/index.html
[ info ] www.chuangzhixing.com/abab.php/user/index.html [运行时间：0.284000s][吞吐率：3.52req/s] [内存消耗：2,022.98kb] [文件加载：43]
[ info ] [ LANG ] D:\chuangzhixing\wanwan\thinkphp\lang\zh-cn.php
[ info ] [ ROUTE ] array (
  'type' => 'module',
  'module' => 
  array (
    0 => 'admin',
    1 => 'user',
    2 => 'index',
  ),
)
[ info ] [ HEADER ] array (
  'upgrade-insecure-requests' => '1',
  'connection' => 'close',
  'cookie' => 'PHPSESSID=p370cahilone4lat85rtimnn16',
  'referer' => 'http://www.chuangzhixing.com/abab.php/user/add_recharge.html',
  'accept-encoding' => 'gzip, deflate',
  'accept-language' => 'zh-CN,zh;q=0.8,en-US;q=0.5,en;q=0.3',
  'accept' => 'text/html,application/xhtml+xml,application/xml;q=0.9,*/*;q=0.8',
  'user-agent' => 'Mozilla/5.0 (Windows NT 6.1; Win64; x64; rv:56.0) Gecko/20100101 Firefox/56.0',
  'host' => 'www.chuangzhixing.com',
)
[ info ] [ PARAM ] array (
)
[ info ] [ SESSION ] INIT array (
  'id' => '',
  'var_session_id' => '',
  'prefix' => 'think',
  'type' => '',
  'auto_start' => true,
)
[ info ] [ RUN ] app\admin\controller\User->index[ D:\chuangzhixing\wanwan\application\admin\controller\User.php ]
[ info ] [ DB ] INIT mysql
[ info ] [ VIEW ] D:\chuangzhixing\wanwan/application/admin\view\user\index.html [ array (
  0 => 'userInfo',
) ]
[ info ] [ LOG ] INIT File
[ sql ] [ DB ] CONNECT:[ UseTime:0.099000s ] mysql:dbname=mianfeiwan;host=47.94.233.30;charset=utf8
[ sql ] [ SQL ] SHOW COLUMNS FROM `mfw_user` [ RunTime:0.056000s ]
[ sql ] [ SQL ] SELECT * FROM `mfw_user` ORDER BY uid desc [ RunTime:0.071000s ]
---------------------------------------------------------------
[ 2017-10-28T09:46:42+08:00 ] 127.0.0.1 127.0.0.1 GET /abab.php/user/consumption_details/uid/100.html
[ info ] www.chuangzhixing.com/abab.php/user/consumption_details/uid/100.html [运行时间：0.283000s][吞吐率：3.53req/s] [内存消耗：1,966.11kb] [文件加载：44]
[ info ] [ LANG ] D:\chuangzhixing\wanwan\thinkphp\lang\zh-cn.php
[ info ] [ ROUTE ] array (
  'type' => 'module',
  'module' => 
  array (
    0 => 'admin',
    1 => 'user',
    2 => 'consumption_details',
  ),
)
[ info ] [ HEADER ] array (
  'upgrade-insecure-requests' => '1',
  'connection' => 'close',
  'cookie' => 'PHPSESSID=p370cahilone4lat85rtimnn16',
  'referer' => 'http://www.chuangzhixing.com/abab.php/user/index.html',
  'accept-encoding' => 'gzip, deflate',
  'accept-language' => 'zh-CN,zh;q=0.8,en-US;q=0.5,en;q=0.3',
  'accept' => 'text/html,application/xhtml+xml,application/xml;q=0.9,*/*;q=0.8',
  'user-agent' => 'Mozilla/5.0 (Windows NT 6.1; Win64; x64; rv:56.0) Gecko/20100101 Firefox/56.0',
  'host' => 'www.chuangzhixing.com',
)
[ info ] [ PARAM ] array (
  'uid' => '100',
)
[ info ] [ SESSION ] INIT array (
  'id' => '',
  'var_session_id' => '',
  'prefix' => 'think',
  'type' => '',
  'auto_start' => true,
)
[ info ] [ RUN ] app\admin\controller\User->consumption_details[ D:\chuangzhixing\wanwan\application\admin\controller\User.php ]
[ info ] [ DB ] INIT mysql
[ info ] [ VIEW ] D:\chuangzhixing\wanwan/application/admin\view\user\consumption_details.html [ array (
  0 => 'res',
) ]
[ info ] [ LOG ] INIT File
[ sql ] [ DB ] CONNECT:[ UseTime:0.123000s ] mysql:dbname=mianfeiwan;host=47.94.233.30;charset=utf8
[ sql ] [ SQL ] SHOW COLUMNS FROM `mfw_activity_order` [ RunTime:0.055000s ]
[ sql ] [ SQL ] SELECT `o`.`order_price`,`o`.`pay_way`,`o`.`pay_time`,`a`.`a_title` FROM `mfw_activity_order` `o` LEFT JOIN `mfw_activity` `a` ON `o`.`aid`=`a`.`aid` WHERE  (  o.uid =100 )  AND (  o.order_status=1 or  o.order_status=3 or o.order_status=4 ) [ RunTime:0.062000s ]
---------------------------------------------------------------
[ 2017-10-28T09:46:44+08:00 ] 127.0.0.1 127.0.0.1 GET /abab.php/user/index.html
[ info ] www.chuangzhixing.com/abab.php/user/index.html [运行时间：0.310000s][吞吐率：3.23req/s] [内存消耗：2,022.94kb] [文件加载：43]
[ info ] [ LANG ] D:\chuangzhixing\wanwan\thinkphp\lang\zh-cn.php
[ info ] [ ROUTE ] array (
  'type' => 'module',
  'module' => 
  array (
    0 => 'admin',
    1 => 'user',
    2 => 'index',
  ),
)
[ info ] [ HEADER ] array (
  'upgrade-insecure-requests' => '1',
  'connection' => 'close',
  'cookie' => 'PHPSESSID=p370cahilone4lat85rtimnn16',
  'referer' => 'http://www.chuangzhixing.com/abab.php/user/consumption_details/uid/100.html',
  'accept-encoding' => 'gzip, deflate',
  'accept-language' => 'zh-CN,zh;q=0.8,en-US;q=0.5,en;q=0.3',
  'accept' => 'text/html,application/xhtml+xml,application/xml;q=0.9,*/*;q=0.8',
  'user-agent' => 'Mozilla/5.0 (Windows NT 6.1; Win64; x64; rv:56.0) Gecko/20100101 Firefox/56.0',
  'host' => 'www.chuangzhixing.com',
)
[ info ] [ PARAM ] array (
)
[ info ] [ SESSION ] INIT array (
  'id' => '',
  'var_session_id' => '',
  'prefix' => 'think',
  'type' => '',
  'auto_start' => true,
)
[ info ] [ RUN ] app\admin\controller\User->index[ D:\chuangzhixing\wanwan\application\admin\controller\User.php ]
[ info ] [ DB ] INIT mysql
[ info ] [ VIEW ] D:\chuangzhixing\wanwan/application/admin\view\user\index.html [ array (
  0 => 'userInfo',
) ]
[ info ] [ LOG ] INIT File
[ sql ] [ DB ] CONNECT:[ UseTime:0.086000s ] mysql:dbname=mianfeiwan;host=47.94.233.30;charset=utf8
[ sql ] [ SQL ] SHOW COLUMNS FROM `mfw_user` [ RunTime:0.068000s ]
[ sql ] [ SQL ] SELECT * FROM `mfw_user` ORDER BY uid desc [ RunTime:0.102000s ]
---------------------------------------------------------------
[ 2017-10-28T09:46:45+08:00 ] 127.0.0.1 127.0.0.1 GET /abab.php/user/consumption_details/uid/113.html
[ info ] www.chuangzhixing.com/abab.php/user/consumption_details/uid/113.html [运行时间：0.220000s][吞吐率：4.55req/s] [内存消耗：1,963.59kb] [文件加载：44]
[ info ] [ LANG ] D:\chuangzhixing\wanwan\thinkphp\lang\zh-cn.php
[ info ] [ ROUTE ] array (
  'type' => 'module',
  'module' => 
  array (
    0 => 'admin',
    1 => 'user',
    2 => 'consumption_details',
  ),
)
[ info ] [ HEADER ] array (
  'upgrade-insecure-requests' => '1',
  'connection' => 'close',
  'cookie' => 'PHPSESSID=p370cahilone4lat85rtimnn16',
  'referer' => 'http://www.chuangzhixing.com/abab.php/user/index.html',
  'accept-encoding' => 'gzip, deflate',
  'accept-language' => 'zh-CN,zh;q=0.8,en-US;q=0.5,en;q=0.3',
  'accept' => 'text/html,application/xhtml+xml,application/xml;q=0.9,*/*;q=0.8',
  'user-agent' => 'Mozilla/5.0 (Windows NT 6.1; Win64; x64; rv:56.0) Gecko/20100101 Firefox/56.0',
  'host' => 'www.chuangzhixing.com',
)
[ info ] [ PARAM ] array (
  'uid' => '113',
)
[ info ] [ SESSION ] INIT array (
  'id' => '',
  'var_session_id' => '',
  'prefix' => 'think',
  'type' => '',
  'auto_start' => true,
)
[ info ] [ RUN ] app\admin\controller\User->consumption_details[ D:\chuangzhixing\wanwan\application\admin\controller\User.php ]
[ info ] [ DB ] INIT mysql
[ info ] [ VIEW ] D:\chuangzhixing\wanwan/application/admin\view\user\consumption_details.html [ array (
  0 => 'res',
) ]
[ info ] [ LOG ] INIT File
[ sql ] [ DB ] CONNECT:[ UseTime:0.076000s ] mysql:dbname=mianfeiwan;host=47.94.233.30;charset=utf8
[ sql ] [ SQL ] SHOW COLUMNS FROM `mfw_activity_order` [ RunTime:0.047000s ]
[ sql ] [ SQL ] SELECT `o`.`order_price`,`o`.`pay_way`,`o`.`pay_time`,`a`.`a_title` FROM `mfw_activity_order` `o` LEFT JOIN `mfw_activity` `a` ON `o`.`aid`=`a`.`aid` WHERE  (  o.uid =113 )  AND (  o.order_status=1 or  o.order_status=3 or o.order_status=4 ) [ RunTime:0.048000s ]
---------------------------------------------------------------
[ 2017-10-28T09:46:48+08:00 ] 127.0.0.1 127.0.0.1 GET /abab.php/user/index.html
[ info ] www.chuangzhixing.com/abab.php/user/index.html [运行时间：0.361000s][吞吐率：2.77req/s] [内存消耗：2,022.94kb] [文件加载：43]
[ info ] [ LANG ] D:\chuangzhixing\wanwan\thinkphp\lang\zh-cn.php
[ info ] [ ROUTE ] array (
  'type' => 'module',
  'module' => 
  array (
    0 => 'admin',
    1 => 'user',
    2 => 'index',
  ),
)
[ info ] [ HEADER ] array (
  'upgrade-insecure-requests' => '1',
  'connection' => 'close',
  'cookie' => 'PHPSESSID=p370cahilone4lat85rtimnn16',
  'referer' => 'http://www.chuangzhixing.com/abab.php/user/consumption_details/uid/113.html',
  'accept-encoding' => 'gzip, deflate',
  'accept-language' => 'zh-CN,zh;q=0.8,en-US;q=0.5,en;q=0.3',
  'accept' => 'text/html,application/xhtml+xml,application/xml;q=0.9,*/*;q=0.8',
  'user-agent' => 'Mozilla/5.0 (Windows NT 6.1; Win64; x64; rv:56.0) Gecko/20100101 Firefox/56.0',
  'host' => 'www.chuangzhixing.com',
)
[ info ] [ PARAM ] array (
)
[ info ] [ SESSION ] INIT array (
  'id' => '',
  'var_session_id' => '',
  'prefix' => 'think',
  'type' => '',
  'auto_start' => true,
)
[ info ] [ RUN ] app\admin\controller\User->index[ D:\chuangzhixing\wanwan\application\admin\controller\User.php ]
[ info ] [ DB ] INIT mysql
[ info ] [ VIEW ] D:\chuangzhixing\wanwan/application/admin\view\user\index.html [ array (
  0 => 'userInfo',
) ]
[ info ] [ LOG ] INIT File
[ sql ] [ DB ] CONNECT:[ UseTime:0.114000s ] mysql:dbname=mianfeiwan;host=47.94.233.30;charset=utf8
[ sql ] [ SQL ] SHOW COLUMNS FROM `mfw_user` [ RunTime:0.046000s ]
[ sql ] [ SQL ] SELECT * FROM `mfw_user` ORDER BY uid desc [ RunTime:0.144000s ]
---------------------------------------------------------------
[ 2017-10-28T09:46:51+08:00 ] 127.0.0.1 127.0.0.1 GET /abab.php/user/consumption_details/uid/95.html
[ info ] www.chuangzhixing.com/abab.php/user/consumption_details/uid/95.html [运行时间：0.511000s][吞吐率：1.96req/s] [内存消耗：1,999.59kb] [文件加载：44]
[ info ] [ LANG ] D:\chuangzhixing\wanwan\thinkphp\lang\zh-cn.php
[ info ] [ ROUTE ] array (
  'type' => 'module',
  'module' => 
  array (
    0 => 'admin',
    1 => 'user',
    2 => 'consumption_details',
  ),
)
[ info ] [ HEADER ] array (
  'upgrade-insecure-requests' => '1',
  'connection' => 'close',
  'cookie' => 'PHPSESSID=p370cahilone4lat85rtimnn16',
  'referer' => 'http://www.chuangzhixing.com/abab.php/user/index.html',
  'accept-encoding' => 'gzip, deflate',
  'accept-language' => 'zh-CN,zh;q=0.8,en-US;q=0.5,en;q=0.3',
  'accept' => 'text/html,application/xhtml+xml,application/xml;q=0.9,*/*;q=0.8',
  'user-agent' => 'Mozilla/5.0 (Windows NT 6.1; Win64; x64; rv:56.0) Gecko/20100101 Firefox/56.0',
  'host' => 'www.chuangzhixing.com',
)
[ info ] [ PARAM ] array (
  'uid' => '95',
)
[ info ] [ SESSION ] INIT array (
  'id' => '',
  'var_session_id' => '',
  'prefix' => 'think',
  'type' => '',
  'auto_start' => true,
)
[ info ] [ RUN ] app\admin\controller\User->consumption_details[ D:\chuangzhixing\wanwan\application\admin\controller\User.php ]
[ info ] [ DB ] INIT mysql
[ info ] [ VIEW ] D:\chuangzhixing\wanwan/application/admin\view\user\consumption_details.html [ array (
  0 => 'res',
) ]
[ info ] [ LOG ] INIT File
[ sql ] [ DB ] CONNECT:[ UseTime:0.277000s ] mysql:dbname=mianfeiwan;host=47.94.233.30;charset=utf8
[ sql ] [ SQL ] SHOW COLUMNS FROM `mfw_activity_order` [ RunTime:0.125000s ]
[ sql ] [ SQL ] SELECT `o`.`order_price`,`o`.`pay_way`,`o`.`pay_time`,`a`.`a_title` FROM `mfw_activity_order` `o` LEFT JOIN `mfw_activity` `a` ON `o`.`aid`=`a`.`aid` WHERE  (  o.uid =95 )  AND (  o.order_status=1 or  o.order_status=3 or o.order_status=4 ) [ RunTime:0.059000s ]
---------------------------------------------------------------
[ 2017-10-28T09:47:14+08:00 ] 127.0.0.1 127.0.0.1 GET /abab.php/activity/index.html
[ info ] www.chuangzhixing.com/abab.php/activity/index.html [运行时间：0.313000s][吞吐率：3.19req/s] [内存消耗：2,103.30kb] [文件加载：43]
[ info ] [ LANG ] D:\chuangzhixing\wanwan\thinkphp\lang\zh-cn.php
[ info ] [ ROUTE ] array (
  'type' => 'module',
  'module' => 
  array (
    0 => 'admin',
    1 => 'activity',
    2 => 'index',
  ),
)
[ info ] [ HEADER ] array (
  'upgrade-insecure-requests' => '1',
  'connection' => 'close',
  'cookie' => 'PHPSESSID=p370cahilone4lat85rtimnn16',
  'referer' => 'http://www.chuangzhixing.com/abab.php/user/consumption_details/uid/95.html',
  'accept-encoding' => 'gzip, deflate',
  'accept-language' => 'zh-CN,zh;q=0.8,en-US;q=0.5,en;q=0.3',
  'accept' => 'text/html,application/xhtml+xml,application/xml;q=0.9,*/*;q=0.8',
  'user-agent' => 'Mozilla/5.0 (Windows NT 6.1; Win64; x64; rv:56.0) Gecko/20100101 Firefox/56.0',
  'host' => 'www.chuangzhixing.com',
)
[ info ] [ PARAM ] array (
)
[ info ] [ SESSION ] INIT array (
  'id' => '',
  'var_session_id' => '',
  'prefix' => 'think',
  'type' => '',
  'auto_start' => true,
)
[ info ] [ RUN ] app\admin\controller\Activity->index[ D:\chuangzhixing\wanwan\application\admin\controller\Activity.php ]
[ info ] [ DB ] INIT mysql
[ info ] [ VIEW ] D:\chuangzhixing\wanwan/application/admin\view\activity\index.html [ array (
  0 => 'ActivityInfo',
) ]
[ info ] [ LOG ] INIT File
[ sql ] [ DB ] CONNECT:[ UseTime:0.086000s ] mysql:dbname=mianfeiwan;host=47.94.233.30;charset=utf8
[ sql ] [ SQL ] SHOW COLUMNS FROM `mfw_activity` [ RunTime:0.057000s ]
[ sql ] [ SQL ] SELECT * FROM `mfw_activity` ORDER BY aid desc [ RunTime:0.093000s ]
---------------------------------------------------------------
[ 2017-10-28T09:47:17+08:00 ] 127.0.0.1 127.0.0.1 GET /abab.php/user/attendance.html
[ info ] www.chuangzhixing.com/abab.php/user/attendance.html [运行时间：0.266000s][吞吐率：3.76req/s] [内存消耗：2,110.09kb] [文件加载：45]
[ info ] [ LANG ] D:\chuangzhixing\wanwan\thinkphp\lang\zh-cn.php
[ info ] [ ROUTE ] array (
  'type' => 'module',
  'module' => 
  array (
    0 => 'admin',
    1 => 'user',
    2 => 'attendance',
  ),
)
[ info ] [ HEADER ] array (
  'upgrade-insecure-requests' => '1',
  'connection' => 'close',
  'cookie' => 'PHPSESSID=p370cahilone4lat85rtimnn16',
  'referer' => 'http://www.chuangzhixing.com/abab.php/activity/index.html',
  'accept-encoding' => 'gzip, deflate',
  'accept-language' => 'zh-CN,zh;q=0.8,en-US;q=0.5,en;q=0.3',
  'accept' => 'text/html,application/xhtml+xml,application/xml;q=0.9,*/*;q=0.8',
  'user-agent' => 'Mozilla/5.0 (Windows NT 6.1; Win64; x64; rv:56.0) Gecko/20100101 Firefox/56.0',
  'host' => 'www.chuangzhixing.com',
)
[ info ] [ PARAM ] array (
)
[ info ] [ SESSION ] INIT array (
  'id' => '',
  'var_session_id' => '',
  'prefix' => 'think',
  'type' => '',
  'auto_start' => true,
)
[ info ] [ RUN ] app\admin\controller\User->attendance[ D:\chuangzhixing\wanwan\application\admin\controller\User.php ]
[ info ] [ DB ] INIT mysql
[ info ] [ VIEW ] D:\chuangzhixing\wanwan/application/admin\view\user\attendance.html [ array (
  0 => 'actinfo',
) ]
[ info ] [ LOG ] INIT File
[ sql ] [ DB ] CONNECT:[ UseTime:0.129000s ] mysql:dbname=mianfeiwan;host=47.94.233.30;charset=utf8
[ sql ] [ SQL ] SELECT
                    a.aid,
                    a.a_title,
                    a.a_num,
                    a.a_sold_num,
                    (
                            SELECT
                                    count(*)
                            FROM
                                    mfw_activity_order
                            WHERE
                                    aid = a.aid
                            AND order_status = 4
                    ) attendance
                FROM
                    mfw_activity AS a [ RunTime:0.074000s ]
---------------------------------------------------------------
[ 2017-10-28T09:47:19+08:00 ] 127.0.0.1 127.0.0.1 GET /abab.php/user/recharge_record.html
[ info ] www.chuangzhixing.com/abab.php/user/recharge_record.html [运行时间：0.423000s][吞吐率：2.36req/s] [内存消耗：1,959.89kb] [文件加载：44]
[ info ] [ LANG ] D:\chuangzhixing\wanwan\thinkphp\lang\zh-cn.php
[ info ] [ ROUTE ] array (
  'type' => 'module',
  'module' => 
  array (
    0 => 'admin',
    1 => 'user',
    2 => 'recharge_record',
  ),
)
[ info ] [ HEADER ] array (
  'upgrade-insecure-requests' => '1',
  'connection' => 'close',
  'cookie' => 'PHPSESSID=p370cahilone4lat85rtimnn16',
  'referer' => 'http://www.chuangzhixing.com/abab.php/user/attendance.html',
  'accept-encoding' => 'gzip, deflate',
  'accept-language' => 'zh-CN,zh;q=0.8,en-US;q=0.5,en;q=0.3',
  'accept' => 'text/html,application/xhtml+xml,application/xml;q=0.9,*/*;q=0.8',
  'user-agent' => 'Mozilla/5.0 (Windows NT 6.1; Win64; x64; rv:56.0) Gecko/20100101 Firefox/56.0',
  'host' => 'www.chuangzhixing.com',
)
[ info ] [ PARAM ] array (
)
[ info ] [ SESSION ] INIT array (
  'id' => '',
  'var_session_id' => '',
  'prefix' => 'think',
  'type' => '',
  'auto_start' => true,
)
[ info ] [ RUN ] app\admin\controller\User->recharge_record[ D:\chuangzhixing\wanwan\application\admin\controller\User.php ]
[ info ] [ DB ] INIT mysql
[ info ] [ VIEW ] D:\chuangzhixing\wanwan/application/admin\view\user\recharge_record.html [ array (
  0 => 'res',
) ]
[ info ] [ LOG ] INIT File
[ sql ] [ DB ] CONNECT:[ UseTime:0.130000s ] mysql:dbname=mianfeiwan;host=47.94.233.30;charset=utf8
[ sql ] [ SQL ] SHOW COLUMNS FROM `mfw_recharge_record` [ RunTime:0.152000s ]
[ sql ] [ SQL ] SELECT `r`.*,`u`.`nickname`,`u`.`mobile`,`u`.`balance` FROM `mfw_recharge_record` `r` LEFT JOIN `mfw_user` `u` ON `r`.`uid`=`u`.`uid` [ RunTime:0.078000s ]
---------------------------------------------------------------
[ 2017-10-28T10:03:50+08:00 ] 127.0.0.1 127.0.0.1 GET /abab.php/activity/activitytype.html
[ info ] www.chuangzhixing.com/abab.php/activity/activitytype.html [运行时间：0.334000s][吞吐率：2.99req/s] [内存消耗：2,103.16kb] [文件加载：45]
[ info ] [ LANG ] D:\chuangzhixing\wanwan\thinkphp\lang\zh-cn.php
[ info ] [ ROUTE ] array (
  'type' => 'module',
  'module' => 
  array (
    0 => 'admin',
    1 => 'activity',
    2 => 'activitytype',
  ),
)
[ info ] [ HEADER ] array (
  'upgrade-insecure-requests' => '1',
  'connection' => 'close',
  'cookie' => 'PHPSESSID=p370cahilone4lat85rtimnn16',
  'referer' => 'http://www.chuangzhixing.com/abab.php/user/recharge_record.html',
  'accept-encoding' => 'gzip, deflate',
  'accept-language' => 'zh-CN,zh;q=0.8,en-US;q=0.5,en;q=0.3',
  'accept' => 'text/html,application/xhtml+xml,application/xml;q=0.9,*/*;q=0.8',
  'user-agent' => 'Mozilla/5.0 (Windows NT 6.1; Win64; x64; rv:56.0) Gecko/20100101 Firefox/56.0',
  'host' => 'www.chuangzhixing.com',
)
[ info ] [ PARAM ] array (
)
[ info ] [ SESSION ] INIT array (
  'id' => '',
  'var_session_id' => '',
  'prefix' => 'think',
  'type' => '',
  'auto_start' => true,
)
[ info ] [ RUN ] app\admin\controller\Activity->activityType[ D:\chuangzhixing\wanwan\application\admin\controller\Activity.php ]
[ info ] [ DB ] INIT mysql
[ info ] [ VIEW ] D:\chuangzhixing\wanwan/application/admin\view\activity\activityType.html [ array (
  0 => 'typeInfo',
) ]
[ info ] [ LOG ] INIT File
[ sql ] [ DB ] CONNECT:[ UseTime:0.112000s ] mysql:dbname=mianfeiwan;host=47.94.233.30;charset=utf8
[ sql ] [ SQL ] SHOW COLUMNS FROM `mfw_activity_type` [ RunTime:0.082000s ]
[ sql ] [ SQL ] SELECT * FROM `mfw_activity_type` WHERE  `fid` = 0 ORDER BY sort asc [ RunTime:0.071000s ]
---------------------------------------------------------------
[ 2017-10-28T10:03:54+08:00 ] 127.0.0.1 127.0.0.1 GET /abab.php/activity/activitytypeson/fid/30.html
[ info ] www.chuangzhixing.com/abab.php/activity/activitytypeson/fid/30.html [运行时间：0.269000s][吞吐率：3.72req/s] [内存消耗：2,099.32kb] [文件加载：45]
[ info ] [ LANG ] D:\chuangzhixing\wanwan\thinkphp\lang\zh-cn.php
[ info ] [ ROUTE ] array (
  'type' => 'module',
  'module' => 
  array (
    0 => 'admin',
    1 => 'activity',
    2 => 'activitytypeson',
  ),
)
[ info ] [ HEADER ] array (
  'upgrade-insecure-requests' => '1',
  'connection' => 'close',
  'cookie' => 'PHPSESSID=p370cahilone4lat85rtimnn16',
  'referer' => 'http://www.chuangzhixing.com/abab.php/activity/activitytype.html',
  'accept-encoding' => 'gzip, deflate',
  'accept-language' => 'zh-CN,zh;q=0.8,en-US;q=0.5,en;q=0.3',
  'accept' => 'text/html,application/xhtml+xml,application/xml;q=0.9,*/*;q=0.8',
  'user-agent' => 'Mozilla/5.0 (Windows NT 6.1; Win64; x64; rv:56.0) Gecko/20100101 Firefox/56.0',
  'host' => 'www.chuangzhixing.com',
)
[ info ] [ PARAM ] array (
  'fid' => '30',
)
[ info ] [ SESSION ] INIT array (
  'id' => '',
  'var_session_id' => '',
  'prefix' => 'think',
  'type' => '',
  'auto_start' => true,
)
[ info ] [ RUN ] app\admin\controller\Activity->activityTypeSon[ D:\chuangzhixing\wanwan\application\admin\controller\Activity.php ]
[ info ] [ DB ] INIT mysql
[ info ] [ VIEW ] D:\chuangzhixing\wanwan/application/admin\view\activity\activitytypeson.html [ array (
  0 => 'typeInfo',
  1 => 'fid',
) ]
[ info ] [ LOG ] INIT File
[ sql ] [ DB ] CONNECT:[ UseTime:0.087000s ] mysql:dbname=mianfeiwan;host=47.94.233.30;charset=utf8
[ sql ] [ SQL ] SHOW COLUMNS FROM `mfw_activity_type` [ RunTime:0.053000s ]
[ sql ] [ SQL ] SELECT * FROM `mfw_activity_type` WHERE  `fid` = 30 ORDER BY sort asc [ RunTime:0.064000s ]
---------------------------------------------------------------
[ 2017-10-28T10:04:01+08:00 ] 127.0.0.1 127.0.0.1 POST /abab.php/user/getUserInfo
[ info ] www.chuangzhixing.com/abab.php/user/getUserInfo [运行时间：0.435000s][吞吐率：2.30req/s] [内存消耗：1,962.09kb] [文件加载：46]
[ info ] [ LANG ] D:\chuangzhixing\wanwan\thinkphp\lang\zh-cn.php
[ info ] [ ROUTE ] array (
  'type' => 'module',
  'module' => 
  array (
    0 => 'admin',
    1 => 'user',
    2 => 'getUserInfo',
  ),
)
[ info ] [ HEADER ] array (
  'connection' => 'close',
  'cookie' => 'PHPSESSID=p370cahilone4lat85rtimnn16',
  'content-length' => '8',
  'referer' => 'http://www.chuangzhixing.com/abab.php/activity/activitytypeson/fid/30.html',
  'x-requested-with' => 'XMLHttpRequest',
  'content-type' => 'application/x-www-form-urlencoded; charset=UTF-8',
  'accept-encoding' => 'gzip, deflate',
  'accept-language' => 'zh-CN,zh;q=0.8,en-US;q=0.5,en;q=0.3',
  'accept' => '*/*',
  'user-agent' => 'Mozilla/5.0 (Windows NT 6.1; Win64; x64; rv:56.0) Gecko/20100101 Firefox/56.0',
  'host' => 'www.chuangzhixing.com',
)
[ info ] [ PARAM ] array (
  'uid' => 'null',
)
[ info ] [ SESSION ] INIT array (
  'id' => '',
  'var_session_id' => '',
  'prefix' => 'think',
  'type' => '',
  'auto_start' => true,
)
[ info ] [ RUN ] app\admin\controller\User->getUserInfo[ D:\chuangzhixing\wanwan\application\admin\controller\User.php ]
[ info ] [ DB ] INIT mysql
[ info ] [ LOG ] INIT File
[ sql ] [ DB ] CONNECT:[ UseTime:0.075000s ] mysql:dbname=mianfeiwan;host=47.94.233.30;charset=utf8
[ sql ] [ SQL ] SHOW COLUMNS FROM `mfw_user` [ RunTime:0.052000s ]
[ sql ] [ SQL ] SELECT * FROM `mfw_user` WHERE  `uid` = 0 LIMIT 1 [ RunTime:0.051000s ]
[ sql ] [ SQL ] SHOW COLUMNS FROM `mfw_region` [ RunTime:0.052000s ]
[ sql ] [ SQL ] SELECT * FROM `mfw_region` WHERE  `id` IS NULL LIMIT 1 [ RunTime:0.050000s ]
[ sql ] [ SQL ] SELECT * FROM `mfw_region` WHERE  `id` IS NULL LIMIT 1 [ RunTime:0.050000s ]
[ sql ] [ SQL ] SELECT * FROM `mfw_region` WHERE  `id` IS NULL LIMIT 1 [ RunTime:0.055000s ]
[ error ] [8]未定义数组索引: last_time[D:\chuangzhixing\wanwan\application\admin\controller\User.php:56]
---------------------------------------------------------------
[ 2017-10-28T10:04:02+08:00 ] 127.0.0.1 127.0.0.1 GET /abab.php/activity/savetypelist/tid/35.html
[ info ] www.chuangzhixing.com/abab.php/activity/savetypelist/tid/35.html [运行时间：0.323000s][吞吐率：3.10req/s] [内存消耗：2,098.77kb] [文件加载：45]
[ info ] [ LANG ] D:\chuangzhixing\wanwan\thinkphp\lang\zh-cn.php
[ info ] [ ROUTE ] array (
  'type' => 'module',
  'module' => 
  array (
    0 => 'admin',
    1 => 'activity',
    2 => 'savetypelist',
  ),
)
[ info ] [ HEADER ] array (
  'upgrade-insecure-requests' => '1',
  'connection' => 'close',
  'cookie' => 'PHPSESSID=p370cahilone4lat85rtimnn16',
  'referer' => 'http://www.chuangzhixing.com/abab.php/activity/activitytypeson/fid/30.html',
  'accept-encoding' => 'gzip, deflate',
  'accept-language' => 'zh-CN,zh;q=0.8,en-US;q=0.5,en;q=0.3',
  'accept' => 'text/html,application/xhtml+xml,application/xml;q=0.9,*/*;q=0.8',
  'user-agent' => 'Mozilla/5.0 (Windows NT 6.1; Win64; x64; rv:56.0) Gecko/20100101 Firefox/56.0',
  'host' => 'www.chuangzhixing.com',
)
[ info ] [ PARAM ] array (
  'tid' => '35',
)
[ info ] [ SESSION ] INIT array (
  'id' => '',
  'var_session_id' => '',
  'prefix' => 'think',
  'type' => '',
  'auto_start' => true,
)
[ info ] [ RUN ] app\admin\controller\Activity->saveTypeList[ D:\chuangzhixing\wanwan\application\admin\controller\Activity.php ]
[ info ] [ DB ] INIT mysql
[ info ] [ VIEW ] D:\chuangzhixing\wanwan/application/admin\view\activity\savetypelist.html [ array (
  0 => 'titleInfo',
) ]
[ info ] [ LOG ] INIT File
[ sql ] [ DB ] CONNECT:[ UseTime:0.108000s ] mysql:dbname=mianfeiwan;host=47.94.233.30;charset=utf8
[ sql ] [ SQL ] SHOW COLUMNS FROM `mfw_activity_type` [ RunTime:0.070000s ]
[ sql ] [ SQL ] SELECT * FROM `mfw_activity_type` WHERE  `id` = 35 LIMIT 1 [ RunTime:0.076000s ]
---------------------------------------------------------------
[ 2017-10-28T10:04:04+08:00 ] 127.0.0.1 127.0.0.1 GET /abab.php/activity/activitytypeson/fid/30.html
[ info ] www.chuangzhixing.com/abab.php/activity/activitytypeson/fid/30.html [运行时间：0.259000s][吞吐率：3.86req/s] [内存消耗：1,975.19kb] [文件加载：43]
[ info ] [ LANG ] D:\chuangzhixing\wanwan\thinkphp\lang\zh-cn.php
[ info ] [ ROUTE ] array (
  'type' => 'module',
  'module' => 
  array (
    0 => 'admin',
    1 => 'activity',
    2 => 'activitytypeson',
  ),
)
[ info ] [ HEADER ] array (
  'upgrade-insecure-requests' => '1',
  'connection' => 'close',
  'cookie' => 'PHPSESSID=p370cahilone4lat85rtimnn16',
  'referer' => 'http://www.chuangzhixing.com/abab.php/activity/activitytype.html',
  'accept-encoding' => 'gzip, deflate',
  'accept-language' => 'zh-CN,zh;q=0.8,en-US;q=0.5,en;q=0.3',
  'accept' => 'text/html,application/xhtml+xml,application/xml;q=0.9,*/*;q=0.8',
  'user-agent' => 'Mozilla/5.0 (Windows NT 6.1; Win64; x64; rv:56.0) Gecko/20100101 Firefox/56.0',
  'host' => 'www.chuangzhixing.com',
)
[ info ] [ PARAM ] array (
  'fid' => '30',
)
[ info ] [ SESSION ] INIT array (
  'id' => '',
  'var_session_id' => '',
  'prefix' => 'think',
  'type' => '',
  'auto_start' => true,
)
[ info ] [ RUN ] app\admin\controller\Activity->activityTypeSon[ D:\chuangzhixing\wanwan\application\admin\controller\Activity.php ]
[ info ] [ DB ] INIT mysql
[ info ] [ VIEW ] D:\chuangzhixing\wanwan/application/admin\view\activity\activitytypeson.html [ array (
  0 => 'typeInfo',
  1 => 'fid',
) ]
[ info ] [ LOG ] INIT File
[ sql ] [ DB ] CONNECT:[ UseTime:0.078000s ] mysql:dbname=mianfeiwan;host=47.94.233.30;charset=utf8
[ sql ] [ SQL ] SHOW COLUMNS FROM `mfw_activity_type` [ RunTime:0.073000s ]
[ sql ] [ SQL ] SELECT * FROM `mfw_activity_type` WHERE  `fid` = 30 ORDER BY sort asc [ RunTime:0.062000s ]
---------------------------------------------------------------
[ 2017-10-28T10:04:06+08:00 ] 127.0.0.1 127.0.0.1 POST /abab.php/activity/delType
[ info ] www.chuangzhixing.com/abab.php/activity/delType [运行时间：0.232000s][吞吐率：4.31req/s] [内存消耗：1,963.45kb] [文件加载：43]
[ info ] [ LANG ] D:\chuangzhixing\wanwan\thinkphp\lang\zh-cn.php
[ info ] [ ROUTE ] array (
  'type' => 'module',
  'module' => 
  array (
    0 => 'admin',
    1 => 'activity',
    2 => 'delType',
  ),
)
[ info ] [ HEADER ] array (
  'connection' => 'close',
  'cookie' => 'PHPSESSID=p370cahilone4lat85rtimnn16',
  'content-length' => '5',
  'referer' => 'http://www.chuangzhixing.com/abab.php/activity/activitytypeson/fid/30.html',
  'x-requested-with' => 'XMLHttpRequest',
  'content-type' => 'application/x-www-form-urlencoded; charset=UTF-8',
  'accept-encoding' => 'gzip, deflate',
  'accept-language' => 'zh-CN,zh;q=0.8,en-US;q=0.5,en;q=0.3',
  'accept' => '*/*',
  'user-agent' => 'Mozilla/5.0 (Windows NT 6.1; Win64; x64; rv:56.0) Gecko/20100101 Firefox/56.0',
  'host' => 'www.chuangzhixing.com',
)
[ info ] [ PARAM ] array (
  'id' => '35',
)
[ info ] [ SESSION ] INIT array (
  'id' => '',
  'var_session_id' => '',
  'prefix' => 'think',
  'type' => '',
  'auto_start' => true,
)
[ info ] [ RUN ] app\admin\controller\Activity->delType[ D:\chuangzhixing\wanwan\application\admin\controller\Activity.php ]
[ info ] [ DB ] INIT mysql
[ info ] [ CACHE ] INIT File
[ info ] [ LOG ] INIT File
[ sql ] [ DB ] CONNECT:[ UseTime:0.077000s ] mysql:dbname=mianfeiwan;host=47.94.233.30;charset=utf8
[ sql ] [ SQL ] SHOW COLUMNS FROM `mfw_activity_type` [ RunTime:0.067000s ]
[ sql ] [ SQL ] DELETE FROM `mfw_activity_type`    WHERE  `id` = 35 [ RunTime:0.052000s ]
---------------------------------------------------------------
[ 2017-10-28T10:04:09+08:00 ] 127.0.0.1 127.0.0.1 GET /abab.php/activity/activitytypeson/fid/30.html
[ info ] www.chuangzhixing.com/abab.php/activity/activitytypeson/fid/30.html [运行时间：0.259000s][吞吐率：3.86req/s] [内存消耗：1,973.79kb] [文件加载：43]
[ info ] [ LANG ] D:\chuangzhixing\wanwan\thinkphp\lang\zh-cn.php
[ info ] [ ROUTE ] array (
  'type' => 'module',
  'module' => 
  array (
    0 => 'admin',
    1 => 'activity',
    2 => 'activitytypeson',
  ),
)
[ info ] [ HEADER ] array (
  'cache-control' => 'max-age=0',
  'upgrade-insecure-requests' => '1',
  'connection' => 'close',
  'cookie' => 'PHPSESSID=p370cahilone4lat85rtimnn16',
  'accept-encoding' => 'gzip, deflate',
  'accept-language' => 'zh-CN,zh;q=0.8,en-US;q=0.5,en;q=0.3',
  'accept' => 'text/html,application/xhtml+xml,application/xml;q=0.9,*/*;q=0.8',
  'user-agent' => 'Mozilla/5.0 (Windows NT 6.1; Win64; x64; rv:56.0) Gecko/20100101 Firefox/56.0',
  'host' => 'www.chuangzhixing.com',
)
[ info ] [ PARAM ] array (
  'fid' => '30',
)
[ info ] [ SESSION ] INIT array (
  'id' => '',
  'var_session_id' => '',
  'prefix' => 'think',
  'type' => '',
  'auto_start' => true,
)
[ info ] [ RUN ] app\admin\controller\Activity->activityTypeSon[ D:\chuangzhixing\wanwan\application\admin\controller\Activity.php ]
[ info ] [ DB ] INIT mysql
[ info ] [ VIEW ] D:\chuangzhixing\wanwan/application/admin\view\activity\activitytypeson.html [ array (
  0 => 'typeInfo',
  1 => 'fid',
) ]
[ info ] [ LOG ] INIT File
[ sql ] [ DB ] CONNECT:[ UseTime:0.085000s ] mysql:dbname=mianfeiwan;host=47.94.233.30;charset=utf8
[ sql ] [ SQL ] SHOW COLUMNS FROM `mfw_activity_type` [ RunTime:0.063000s ]
[ sql ] [ SQL ] SELECT * FROM `mfw_activity_type` WHERE  `fid` = 30 ORDER BY sort asc [ RunTime:0.065000s ]
---------------------------------------------------------------
[ 2017-10-28T10:04:11+08:00 ] 127.0.0.1 127.0.0.1 GET /abab.php/activity/addtypesonlist/fid/30.html
[ info ] www.chuangzhixing.com/abab.php/activity/addtypesonlist/fid/30.html [运行时间：0.036000s][吞吐率：27.78req/s] [内存消耗：1,266.58kb] [文件加载：36]
[ info ] [ LANG ] D:\chuangzhixing\wanwan\thinkphp\lang\zh-cn.php
[ info ] [ ROUTE ] array (
  'type' => 'module',
  'module' => 
  array (
    0 => 'admin',
    1 => 'activity',
    2 => 'addtypesonlist',
  ),
)
[ info ] [ HEADER ] array (
  'upgrade-insecure-requests' => '1',
  'connection' => 'close',
  'cookie' => 'PHPSESSID=p370cahilone4lat85rtimnn16',
  'referer' => 'http://www.chuangzhixing.com/abab.php/activity/activitytypeson/fid/30.html',
  'accept-encoding' => 'gzip, deflate',
  'accept-language' => 'zh-CN,zh;q=0.8,en-US;q=0.5,en;q=0.3',
  'accept' => 'text/html,application/xhtml+xml,application/xml;q=0.9,*/*;q=0.8',
  'user-agent' => 'Mozilla/5.0 (Windows NT 6.1; Win64; x64; rv:56.0) Gecko/20100101 Firefox/56.0',
  'host' => 'www.chuangzhixing.com',
)
[ info ] [ PARAM ] array (
  'fid' => '30',
)
[ info ] [ SESSION ] INIT array (
  'id' => '',
  'var_session_id' => '',
  'prefix' => 'think',
  'type' => '',
  'auto_start' => true,
)
[ info ] [ RUN ] app\admin\controller\Activity->addTypeSonList[ D:\chuangzhixing\wanwan\application\admin\controller\Activity.php ]
[ info ] [ VIEW ] D:\chuangzhixing\wanwan/application/admin\view\activity\addtypesonlist.html [ array (
) ]
[ info ] [ LOG ] INIT File
---------------------------------------------------------------
[ 2017-10-28T10:04:14+08:00 ] 127.0.0.1 127.0.0.1 GET /abab.php/activity/activitytypeson/fid/30.html
[ info ] www.chuangzhixing.com/abab.php/activity/activitytypeson/fid/30.html [运行时间：0.243000s][吞吐率：4.12req/s] [内存消耗：1,973.58kb] [文件加载：43]
[ info ] [ LANG ] D:\chuangzhixing\wanwan\thinkphp\lang\zh-cn.php
[ info ] [ ROUTE ] array (
  'type' => 'module',
  'module' => 
  array (
    0 => 'admin',
    1 => 'activity',
    2 => 'activitytypeson',
  ),
)
[ info ] [ HEADER ] array (
  'upgrade-insecure-requests' => '1',
  'connection' => 'close',
  'cookie' => 'PHPSESSID=p370cahilone4lat85rtimnn16',
  'accept-encoding' => 'gzip, deflate',
  'accept-language' => 'zh-CN,zh;q=0.8,en-US;q=0.5,en;q=0.3',
  'accept' => 'text/html,application/xhtml+xml,application/xml;q=0.9,*/*;q=0.8',
  'user-agent' => 'Mozilla/5.0 (Windows NT 6.1; Win64; x64; rv:56.0) Gecko/20100101 Firefox/56.0',
  'host' => 'www.chuangzhixing.com',
)
[ info ] [ PARAM ] array (
  'fid' => '30',
)
[ info ] [ SESSION ] INIT array (
  'id' => '',
  'var_session_id' => '',
  'prefix' => 'think',
  'type' => '',
  'auto_start' => true,
)
[ info ] [ RUN ] app\admin\controller\Activity->activityTypeSon[ D:\chuangzhixing\wanwan\application\admin\controller\Activity.php ]
[ info ] [ DB ] INIT mysql
[ info ] [ VIEW ] D:\chuangzhixing\wanwan/application/admin\view\activity\activitytypeson.html [ array (
  0 => 'typeInfo',
  1 => 'fid',
) ]
[ info ] [ LOG ] INIT File
[ sql ] [ DB ] CONNECT:[ UseTime:0.101000s ] mysql:dbname=mianfeiwan;host=47.94.233.30;charset=utf8
[ sql ] [ SQL ] SHOW COLUMNS FROM `mfw_activity_type` [ RunTime:0.055000s ]
[ sql ] [ SQL ] SELECT * FROM `mfw_activity_type` WHERE  `fid` = 30 ORDER BY sort asc [ RunTime:0.055000s ]
---------------------------------------------------------------
[ 2017-10-28T10:04:21+08:00 ] 127.0.0.1 127.0.0.1 GET /abab.php/activity/index.html
[ info ] www.chuangzhixing.com/abab.php/activity/index.html [运行时间：0.269000s][吞吐率：3.72req/s] [内存消耗：2,103.30kb] [文件加载：43]
[ info ] [ LANG ] D:\chuangzhixing\wanwan\thinkphp\lang\zh-cn.php
[ info ] [ ROUTE ] array (
  'type' => 'module',
  'module' => 
  array (
    0 => 'admin',
    1 => 'activity',
    2 => 'index',
  ),
)
[ info ] [ HEADER ] array (
  'upgrade-insecure-requests' => '1',
  'connection' => 'close',
  'cookie' => 'PHPSESSID=p370cahilone4lat85rtimnn16',
  'referer' => 'http://www.chuangzhixing.com/abab.php/activity/activitytypeson/fid/30.html',
  'accept-encoding' => 'gzip, deflate',
  'accept-language' => 'zh-CN,zh;q=0.8,en-US;q=0.5,en;q=0.3',
  'accept' => 'text/html,application/xhtml+xml,application/xml;q=0.9,*/*;q=0.8',
  'user-agent' => 'Mozilla/5.0 (Windows NT 6.1; Win64; x64; rv:56.0) Gecko/20100101 Firefox/56.0',
  'host' => 'www.chuangzhixing.com',
)
[ info ] [ PARAM ] array (
)
[ info ] [ SESSION ] INIT array (
  'id' => '',
  'var_session_id' => '',
  'prefix' => 'think',
  'type' => '',
  'auto_start' => true,
)
[ info ] [ RUN ] app\admin\controller\Activity->index[ D:\chuangzhixing\wanwan\application\admin\controller\Activity.php ]
[ info ] [ DB ] INIT mysql
[ info ] [ VIEW ] D:\chuangzhixing\wanwan/application/admin\view\activity\index.html [ array (
  0 => 'ActivityInfo',
) ]
[ info ] [ LOG ] INIT File
[ sql ] [ DB ] CONNECT:[ UseTime:0.080000s ] mysql:dbname=mianfeiwan;host=47.94.233.30;charset=utf8
[ sql ] [ SQL ] SHOW COLUMNS FROM `mfw_activity` [ RunTime:0.059000s ]
[ sql ] [ SQL ] SELECT * FROM `mfw_activity` ORDER BY aid desc [ RunTime:0.093000s ]
---------------------------------------------------------------
[ 2017-10-28T10:05:29+08:00 ] 127.0.0.1 127.0.0.1 GET /abab.php/activity/index.html
[ info ] www.chuangzhixing.com/abab.php/activity/index.html [运行时间：0.305000s][吞吐率：3.28req/s] [内存消耗：2,246.31kb] [文件加载：45]
[ info ] [ LANG ] D:\chuangzhixing\wanwan\thinkphp\lang\zh-cn.php
[ info ] [ ROUTE ] array (
  'type' => 'module',
  'module' => 
  array (
    0 => 'admin',
    1 => 'activity',
    2 => 'index',
  ),
)
[ info ] [ HEADER ] array (
  'cache-control' => 'max-age=0',
  'upgrade-insecure-requests' => '1',
  'connection' => 'close',
  'cookie' => 'PHPSESSID=p370cahilone4lat85rtimnn16',
  'referer' => 'http://www.chuangzhixing.com/abab.php/activity/activitytypeson/fid/30.html',
  'accept-encoding' => 'gzip, deflate',
  'accept-language' => 'zh-CN,zh;q=0.8,en-US;q=0.5,en;q=0.3',
  'accept' => 'text/html,application/xhtml+xml,application/xml;q=0.9,*/*;q=0.8',
  'user-agent' => 'Mozilla/5.0 (Windows NT 6.1; Win64; x64; rv:56.0) Gecko/20100101 Firefox/56.0',
  'host' => 'www.chuangzhixing.com',
)
[ info ] [ PARAM ] array (
)
[ info ] [ SESSION ] INIT array (
  'id' => '',
  'var_session_id' => '',
  'prefix' => 'think',
  'type' => '',
  'auto_start' => true,
)
[ info ] [ RUN ] app\admin\controller\Activity->index[ D:\chuangzhixing\wanwan\application\admin\controller\Activity.php ]
[ info ] [ DB ] INIT mysql
[ info ] [ VIEW ] D:\chuangzhixing\wanwan/application/admin\view\activity\index.html [ array (
  0 => 'ActivityInfo',
) ]
[ info ] [ LOG ] INIT File
[ sql ] [ DB ] CONNECT:[ UseTime:0.081000s ] mysql:dbname=mianfeiwan;host=47.94.233.30;charset=utf8
[ sql ] [ SQL ] SHOW COLUMNS FROM `mfw_activity` [ RunTime:0.056000s ]
[ sql ] [ SQL ] SELECT * FROM `mfw_activity` ORDER BY aid desc [ RunTime:0.102000s ]
---------------------------------------------------------------
[ 2017-10-28T10:05:32+08:00 ] 127.0.0.1 127.0.0.1 POST /abab.php/user/getUserInfo
[ info ] www.chuangzhixing.com/abab.php/user/getUserInfo [运行时间：0.374000s][吞吐率：2.67req/s] [内存消耗：1,962.04kb] [文件加载：46]
[ info ] [ LANG ] D:\chuangzhixing\wanwan\thinkphp\lang\zh-cn.php
[ info ] [ ROUTE ] array (
  'type' => 'module',
  'module' => 
  array (
    0 => 'admin',
    1 => 'user',
    2 => 'getUserInfo',
  ),
)
[ info ] [ HEADER ] array (
  'connection' => 'close',
  'cookie' => 'PHPSESSID=p370cahilone4lat85rtimnn16',
  'content-length' => '8',
  'referer' => 'http://www.chuangzhixing.com/abab.php/activity/index.html',
  'x-requested-with' => 'XMLHttpRequest',
  'content-type' => 'application/x-www-form-urlencoded; charset=UTF-8',
  'accept-encoding' => 'gzip, deflate',
  'accept-language' => 'zh-CN,zh;q=0.8,en-US;q=0.5,en;q=0.3',
  'accept' => '*/*',
  'user-agent' => 'Mozilla/5.0 (Windows NT 6.1; Win64; x64; rv:56.0) Gecko/20100101 Firefox/56.0',
  'host' => 'www.chuangzhixing.com',
)
[ info ] [ PARAM ] array (
  'uid' => 'null',
)
[ info ] [ SESSION ] INIT array (
  'id' => '',
  'var_session_id' => '',
  'prefix' => 'think',
  'type' => '',
  'auto_start' => true,
)
[ info ] [ RUN ] app\admin\controller\User->getUserInfo[ D:\chuangzhixing\wanwan\application\admin\controller\User.php ]
[ info ] [ DB ] INIT mysql
[ info ] [ LOG ] INIT File
[ sql ] [ DB ] CONNECT:[ UseTime:0.051000s ] mysql:dbname=mianfeiwan;host=47.94.233.30;charset=utf8
[ sql ] [ SQL ] SHOW COLUMNS FROM `mfw_user` [ RunTime:0.036000s ]
[ sql ] [ SQL ] SELECT * FROM `mfw_user` WHERE  `uid` = 0 LIMIT 1 [ RunTime:0.047000s ]
[ sql ] [ SQL ] SHOW COLUMNS FROM `mfw_region` [ RunTime:0.043000s ]
[ sql ] [ SQL ] SELECT * FROM `mfw_region` WHERE  `id` IS NULL LIMIT 1 [ RunTime:0.038000s ]
[ sql ] [ SQL ] SELECT * FROM `mfw_region` WHERE  `id` IS NULL LIMIT 1 [ RunTime:0.051000s ]
[ sql ] [ SQL ] SELECT * FROM `mfw_region` WHERE  `id` IS NULL LIMIT 1 [ RunTime:0.066000s ]
[ error ] [8]未定义数组索引: last_time[D:\chuangzhixing\wanwan\application\admin\controller\User.php:56]
---------------------------------------------------------------
[ 2017-10-28T11:32:35+08:00 ] 127.0.0.1 127.0.0.1 GET /abab.php/activity/index.html
[ info ] www.chuangzhixing.com/abab.php/activity/index.html [运行时间：0.301000s][吞吐率：3.32req/s] [内存消耗：2,102.91kb] [文件加载：43]
[ info ] [ LANG ] D:\chuangzhixing\wanwan\thinkphp\lang\zh-cn.php
[ info ] [ ROUTE ] array (
  'type' => 'module',
  'module' => 
  array (
    0 => 'admin',
    1 => 'activity',
    2 => 'index',
  ),
)
[ info ] [ HEADER ] array (
  'upgrade-insecure-requests' => '1',
  'connection' => 'close',
  'cookie' => 'PHPSESSID=p370cahilone4lat85rtimnn16',
  'accept-encoding' => 'gzip, deflate',
  'accept-language' => 'zh-CN,zh;q=0.8,en-US;q=0.5,en;q=0.3',
  'accept' => 'text/html,application/xhtml+xml,application/xml;q=0.9,*/*;q=0.8',
  'user-agent' => 'Mozilla/5.0 (Windows NT 6.1; Win64; x64; rv:56.0) Gecko/20100101 Firefox/56.0',
  'host' => 'www.chuangzhixing.com',
)
[ info ] [ PARAM ] array (
)
[ info ] [ SESSION ] INIT array (
  'id' => '',
  'var_session_id' => '',
  'prefix' => 'think',
  'type' => '',
  'auto_start' => true,
)
[ info ] [ RUN ] app\admin\controller\Activity->index[ D:\chuangzhixing\wanwan\application\admin\controller\Activity.php ]
[ info ] [ DB ] INIT mysql
[ info ] [ VIEW ] D:\chuangzhixing\wanwan/application/admin\view\activity\index.html [ array (
  0 => 'ActivityInfo',
) ]
[ info ] [ LOG ] INIT File
[ sql ] [ DB ] CONNECT:[ UseTime:0.092000s ] mysql:dbname=mianfeiwan;host=47.94.233.30;charset=utf8
[ sql ] [ SQL ] SHOW COLUMNS FROM `mfw_activity` [ RunTime:0.064000s ]
[ sql ] [ SQL ] SELECT * FROM `mfw_activity` ORDER BY aid desc [ RunTime:0.115000s ]
---------------------------------------------------------------
[ 2017-10-28T11:34:15+08:00 ] 127.0.0.1 127.0.0.1 GET /abab.php/activity/extension.html
[ info ] www.chuangzhixing.com/abab.php/activity/extension.html [运行时间：0.498000s][吞吐率：2.01req/s] [内存消耗：2,293.07kb] [文件加载：45]
[ info ] [ LANG ] D:\chuangzhixing\wanwan\thinkphp\lang\zh-cn.php
[ info ] [ ROUTE ] array (
  'type' => 'module',
  'module' => 
  array (
    0 => 'admin',
    1 => 'activity',
    2 => 'extension',
  ),
)
[ info ] [ HEADER ] array (
  'upgrade-insecure-requests' => '1',
  'connection' => 'close',
  'cookie' => 'PHPSESSID=p370cahilone4lat85rtimnn16',
  'referer' => 'http://www.chuangzhixing.com/abab.php/activity/index.html',
  'accept-encoding' => 'gzip, deflate',
  'accept-language' => 'zh-CN,zh;q=0.8,en-US;q=0.5,en;q=0.3',
  'accept' => 'text/html,application/xhtml+xml,application/xml;q=0.9,*/*;q=0.8',
  'user-agent' => 'Mozilla/5.0 (Windows NT 6.1; Win64; x64; rv:56.0) Gecko/20100101 Firefox/56.0',
  'host' => 'www.chuangzhixing.com',
)
[ info ] [ PARAM ] array (
)
[ info ] [ SESSION ] INIT array (
  'id' => '',
  'var_session_id' => '',
  'prefix' => 'think',
  'type' => '',
  'auto_start' => true,
)
[ info ] [ RUN ] app\admin\controller\Activity->extension[ D:\chuangzhixing\wanwan\application\admin\controller\Activity.php ]
[ info ] [ DB ] INIT mysql
[ info ] [ VIEW ] D:\chuangzhixing\wanwan/application/admin\view\activity\extension.html [ array (
  0 => 'extInfo',
) ]
[ info ] [ LOG ] INIT File
[ sql ] [ DB ] CONNECT:[ UseTime:0.116000s ] mysql:dbname=mianfeiwan;host=47.94.233.30;charset=utf8
[ sql ] [ SQL ] SHOW COLUMNS FROM `mfw_activity_extension` [ RunTime:0.144000s ]
[ sql ] [ SQL ] SELECT `e`.*,`a`.`a_title` FROM `mfw_activity_extension` `e` LEFT JOIN `mfw_activity` `a` ON `a`.`aid`=`e`.`aid` [ RunTime:0.163000s ]
---------------------------------------------------------------
[ 2017-10-28T11:34:21+08:00 ] 127.0.0.1 127.0.0.1 GET /abab.php/activity/order.html
[ info ] www.chuangzhixing.com/abab.php/activity/order.html [运行时间：0.366000s][吞吐率：2.73req/s] [内存消耗：2,760.13kb] [文件加载：43]
[ info ] [ LANG ] D:\chuangzhixing\wanwan\thinkphp\lang\zh-cn.php
[ info ] [ ROUTE ] array (
  'type' => 'module',
  'module' => 
  array (
    0 => 'admin',
    1 => 'activity',
    2 => 'order',
  ),
)
[ info ] [ HEADER ] array (
  'upgrade-insecure-requests' => '1',
  'connection' => 'close',
  'cookie' => 'PHPSESSID=p370cahilone4lat85rtimnn16',
  'referer' => 'http://www.chuangzhixing.com/abab.php/activity/extension.html',
  'accept-encoding' => 'gzip, deflate',
  'accept-language' => 'zh-CN,zh;q=0.8,en-US;q=0.5,en;q=0.3',
  'accept' => 'text/html,application/xhtml+xml,application/xml;q=0.9,*/*;q=0.8',
  'user-agent' => 'Mozilla/5.0 (Windows NT 6.1; Win64; x64; rv:56.0) Gecko/20100101 Firefox/56.0',
  'host' => 'www.chuangzhixing.com',
)
[ info ] [ PARAM ] array (
)
[ info ] [ SESSION ] INIT array (
  'id' => '',
  'var_session_id' => '',
  'prefix' => 'think',
  'type' => '',
  'auto_start' => true,
)
[ info ] [ RUN ] app\admin\controller\Activity->order[ D:\chuangzhixing\wanwan\application\admin\controller\Activity.php ]
[ info ] [ DB ] INIT mysql
[ info ] [ VIEW ] D:\chuangzhixing\wanwan/application/admin\view\activity\order.html [ array (
  0 => 'orderInfo',
) ]
[ info ] [ LOG ] INIT File
[ sql ] [ DB ] CONNECT:[ UseTime:0.088000s ] mysql:dbname=mianfeiwan;host=47.94.233.30;charset=utf8
[ sql ] [ SQL ] SHOW COLUMNS FROM `mfw_activity_order` [ RunTime:0.065000s ]
[ sql ] [ SQL ] SELECT `o`.*,`a`.`a_title` FROM `mfw_activity_order` `o` INNER JOIN `mfw_activity` `a` ON `o`.`aid`=`a`.`aid` [ RunTime:0.092000s ]
---------------------------------------------------------------
[ 2017-10-28T13:25:57+08:00 ] 127.0.0.1 127.0.0.1 GET /abab.php/service/index.html
[ info ] www.chuangzhixing.com/abab.php/service/index.html [运行时间：0.208000s][吞吐率：4.81req/s] [内存消耗：1,937.95kb] [文件加载：43]
[ info ] [ LANG ] D:\chuangzhixing\wanwan\thinkphp\lang\zh-cn.php
[ info ] [ ROUTE ] array (
  'type' => 'module',
  'module' => 
  array (
    0 => 'admin',
    1 => 'service',
    2 => 'index',
  ),
)
[ info ] [ HEADER ] array (
  'upgrade-insecure-requests' => '1',
  'connection' => 'close',
  'cookie' => 'PHPSESSID=p370cahilone4lat85rtimnn16',
  'referer' => 'http://www.chuangzhixing.com/abab.php/activity/order.html',
  'accept-encoding' => 'gzip, deflate',
  'accept-language' => 'zh-CN,zh;q=0.8,en-US;q=0.5,en;q=0.3',
  'accept' => 'text/html,application/xhtml+xml,application/xml;q=0.9,*/*;q=0.8',
  'user-agent' => 'Mozilla/5.0 (Windows NT 6.1; Win64; x64; rv:56.0) Gecko/20100101 Firefox/56.0',
  'host' => 'www.chuangzhixing.com',
)
[ info ] [ PARAM ] array (
)
[ info ] [ SESSION ] INIT array (
  'id' => '',
  'var_session_id' => '',
  'prefix' => 'think',
  'type' => '',
  'auto_start' => true,
)
[ info ] [ RUN ] app\admin\controller\Service->index[ D:\chuangzhixing\wanwan\application\admin\controller\Service.php ]
[ info ] [ DB ] INIT mysql
[ info ] [ VIEW ] D:\chuangzhixing\wanwan/application/admin\view\service\index.html [ array (
  0 => 'res',
) ]
[ info ] [ LOG ] INIT File
[ sql ] [ DB ] CONNECT:[ UseTime:0.096000s ] mysql:dbname=mianfeiwan;host=47.94.233.30;charset=utf8
[ sql ] [ SQL ] select a_title,aid,
                    (select count(*) from mfw_activity_order where aid=mfw_activity.aid) as enrol_num,
                    (select count(*) from mfw_activity_order where aid=mfw_activity.aid and t_id=0 and record='') as access_num,
                    (select count(*) from mfw_activity_order where aid=mfw_activity.aid and t_id>0) as visit_num,
                    (select count(*) from mfw_activity_order where aid=mfw_activity.aid and t_id=0 and record<>'') as not_go_num
                    from mfw_activity [ RunTime:0.058000s ]
---------------------------------------------------------------
[ 2017-10-28T13:25:59+08:00 ] 127.0.0.1 127.0.0.1 GET /abab.php/activity/order.html
[ info ] www.chuangzhixing.com/abab.php/activity/order.html [运行时间：0.395000s][吞吐率：2.53req/s] [内存消耗：2,760.06kb] [文件加载：43]
[ info ] [ LANG ] D:\chuangzhixing\wanwan\thinkphp\lang\zh-cn.php
[ info ] [ ROUTE ] array (
  'type' => 'module',
  'module' => 
  array (
    0 => 'admin',
    1 => 'activity',
    2 => 'order',
  ),
)
[ info ] [ HEADER ] array (
  'upgrade-insecure-requests' => '1',
  'connection' => 'close',
  'cookie' => 'PHPSESSID=p370cahilone4lat85rtimnn16',
  'referer' => 'http://www.chuangzhixing.com/abab.php/service/index.html',
  'accept-encoding' => 'gzip, deflate',
  'accept-language' => 'zh-CN,zh;q=0.8,en-US;q=0.5,en;q=0.3',
  'accept' => 'text/html,application/xhtml+xml,application/xml;q=0.9,*/*;q=0.8',
  'user-agent' => 'Mozilla/5.0 (Windows NT 6.1; Win64; x64; rv:56.0) Gecko/20100101 Firefox/56.0',
  'host' => 'www.chuangzhixing.com',
)
[ info ] [ PARAM ] array (
)
[ info ] [ SESSION ] INIT array (
  'id' => '',
  'var_session_id' => '',
  'prefix' => 'think',
  'type' => '',
  'auto_start' => true,
)
[ info ] [ RUN ] app\admin\controller\Activity->order[ D:\chuangzhixing\wanwan\application\admin\controller\Activity.php ]
[ info ] [ DB ] INIT mysql
[ info ] [ VIEW ] D:\chuangzhixing\wanwan/application/admin\view\activity\order.html [ array (
  0 => 'orderInfo',
) ]
[ info ] [ LOG ] INIT File
[ sql ] [ DB ] CONNECT:[ UseTime:0.108000s ] mysql:dbname=mianfeiwan;host=47.94.233.30;charset=utf8
[ sql ] [ SQL ] SHOW COLUMNS FROM `mfw_activity_order` [ RunTime:0.076000s ]
[ sql ] [ SQL ] SELECT `o`.*,`a`.`a_title` FROM `mfw_activity_order` `o` INNER JOIN `mfw_activity` `a` ON `o`.`aid`=`a`.`aid` [ RunTime:0.128000s ]
---------------------------------------------------------------
[ 2017-10-28T13:26:00+08:00 ] 127.0.0.1 127.0.0.1 GET /abab.php/activity/index.html
[ info ] www.chuangzhixing.com/abab.php/activity/index.html [运行时间：0.296000s][吞吐率：3.38req/s] [内存消耗：2,103.20kb] [文件加载：43]
[ info ] [ LANG ] D:\chuangzhixing\wanwan\thinkphp\lang\zh-cn.php
[ info ] [ ROUTE ] array (
  'type' => 'module',
  'module' => 
  array (
    0 => 'admin',
    1 => 'activity',
    2 => 'index',
  ),
)
[ info ] [ HEADER ] array (
  'upgrade-insecure-requests' => '1',
  'connection' => 'close',
  'cookie' => 'PHPSESSID=p370cahilone4lat85rtimnn16',
  'referer' => 'http://www.chuangzhixing.com/abab.php/activity/order.html',
  'accept-encoding' => 'gzip, deflate',
  'accept-language' => 'zh-CN,zh;q=0.8,en-US;q=0.5,en;q=0.3',
  'accept' => 'text/html,application/xhtml+xml,application/xml;q=0.9,*/*;q=0.8',
  'user-agent' => 'Mozilla/5.0 (Windows NT 6.1; Win64; x64; rv:56.0) Gecko/20100101 Firefox/56.0',
  'host' => 'www.chuangzhixing.com',
)
[ info ] [ PARAM ] array (
)
[ info ] [ SESSION ] INIT array (
  'id' => '',
  'var_session_id' => '',
  'prefix' => 'think',
  'type' => '',
  'auto_start' => true,
)
[ info ] [ RUN ] app\admin\controller\Activity->index[ D:\chuangzhixing\wanwan\application\admin\controller\Activity.php ]
[ info ] [ DB ] INIT mysql
[ info ] [ VIEW ] D:\chuangzhixing\wanwan/application/admin\view\activity\index.html [ array (
  0 => 'ActivityInfo',
) ]
[ info ] [ LOG ] INIT File
[ sql ] [ DB ] CONNECT:[ UseTime:0.082000s ] mysql:dbname=mianfeiwan;host=47.94.233.30;charset=utf8
[ sql ] [ SQL ] SHOW COLUMNS FROM `mfw_activity` [ RunTime:0.055000s ]
[ sql ] [ SQL ] SELECT * FROM `mfw_activity` ORDER BY aid desc [ RunTime:0.102000s ]
---------------------------------------------------------------
[ 2017-10-28T13:28:38+08:00 ] 127.0.0.1 127.0.0.1 GET /abab.php/service/index.html
[ info ] www.chuangzhixing.com/abab.php/service/index.html [运行时间：0.235000s][吞吐率：4.26req/s] [内存消耗：1,937.95kb] [文件加载：43]
[ info ] [ LANG ] D:\chuangzhixing\wanwan\thinkphp\lang\zh-cn.php
[ info ] [ ROUTE ] array (
  'type' => 'module',
  'module' => 
  array (
    0 => 'admin',
    1 => 'service',
    2 => 'index',
  ),
)
[ info ] [ HEADER ] array (
  'upgrade-insecure-requests' => '1',
  'connection' => 'close',
  'cookie' => 'PHPSESSID=p370cahilone4lat85rtimnn16',
  'referer' => 'http://www.chuangzhixing.com/abab.php/activity/index.html',
  'accept-encoding' => 'gzip, deflate',
  'accept-language' => 'zh-CN,zh;q=0.8,en-US;q=0.5,en;q=0.3',
  'accept' => 'text/html,application/xhtml+xml,application/xml;q=0.9,*/*;q=0.8',
  'user-agent' => 'Mozilla/5.0 (Windows NT 6.1; Win64; x64; rv:56.0) Gecko/20100101 Firefox/56.0',
  'host' => 'www.chuangzhixing.com',
)
[ info ] [ PARAM ] array (
)
[ info ] [ SESSION ] INIT array (
  'id' => '',
  'var_session_id' => '',
  'prefix' => 'think',
  'type' => '',
  'auto_start' => true,
)
[ info ] [ RUN ] app\admin\controller\Service->index[ D:\chuangzhixing\wanwan\application\admin\controller\Service.php ]
[ info ] [ DB ] INIT mysql
[ info ] [ VIEW ] D:\chuangzhixing\wanwan/application/admin\view\service\index.html [ array (
  0 => 'res',
) ]
[ info ] [ LOG ] INIT File
[ sql ] [ DB ] CONNECT:[ UseTime:0.108000s ] mysql:dbname=mianfeiwan;host=47.94.233.30;charset=utf8
[ sql ] [ SQL ] select a_title,aid,
                    (select count(*) from mfw_activity_order where aid=mfw_activity.aid) as enrol_num,
                    (select count(*) from mfw_activity_order where aid=mfw_activity.aid and t_id=0 and record='') as access_num,
                    (select count(*) from mfw_activity_order where aid=mfw_activity.aid and t_id>0) as visit_num,
                    (select count(*) from mfw_activity_order where aid=mfw_activity.aid and t_id=0 and record<>'') as not_go_num
                    from mfw_activity [ RunTime:0.075000s ]
---------------------------------------------------------------
[ 2017-10-28T13:28:42+08:00 ] 127.0.0.1 127.0.0.1 GET /abab.php/activity/order.html
[ info ] www.chuangzhixing.com/abab.php/activity/order.html [运行时间：0.328000s][吞吐率：3.05req/s] [内存消耗：2,760.06kb] [文件加载：43]
[ info ] [ LANG ] D:\chuangzhixing\wanwan\thinkphp\lang\zh-cn.php
[ info ] [ ROUTE ] array (
  'type' => 'module',
  'module' => 
  array (
    0 => 'admin',
    1 => 'activity',
    2 => 'order',
  ),
)
[ info ] [ HEADER ] array (
  'upgrade-insecure-requests' => '1',
  'connection' => 'close',
  'cookie' => 'PHPSESSID=p370cahilone4lat85rtimnn16',
  'referer' => 'http://www.chuangzhixing.com/abab.php/service/index.html',
  'accept-encoding' => 'gzip, deflate',
  'accept-language' => 'zh-CN,zh;q=0.8,en-US;q=0.5,en;q=0.3',
  'accept' => 'text/html,application/xhtml+xml,application/xml;q=0.9,*/*;q=0.8',
  'user-agent' => 'Mozilla/5.0 (Windows NT 6.1; Win64; x64; rv:56.0) Gecko/20100101 Firefox/56.0',
  'host' => 'www.chuangzhixing.com',
)
[ info ] [ PARAM ] array (
)
[ info ] [ SESSION ] INIT array (
  'id' => '',
  'var_session_id' => '',
  'prefix' => 'think',
  'type' => '',
  'auto_start' => true,
)
[ info ] [ RUN ] app\admin\controller\Activity->order[ D:\chuangzhixing\wanwan\application\admin\controller\Activity.php ]
[ info ] [ DB ] INIT mysql
[ info ] [ VIEW ] D:\chuangzhixing\wanwan/application/admin\view\activity\order.html [ array (
  0 => 'orderInfo',
) ]
[ info ] [ LOG ] INIT File
[ sql ] [ DB ] CONNECT:[ UseTime:0.085000s ] mysql:dbname=mianfeiwan;host=47.94.233.30;charset=utf8
[ sql ] [ SQL ] SHOW COLUMNS FROM `mfw_activity_order` [ RunTime:0.056000s ]
[ sql ] [ SQL ] SELECT `o`.*,`a`.`a_title` FROM `mfw_activity_order` `o` INNER JOIN `mfw_activity` `a` ON `o`.`aid`=`a`.`aid` [ RunTime:0.092000s ]
---------------------------------------------------------------
[ 2017-10-28T13:28:45+08:00 ] 127.0.0.1 127.0.0.1 GET /abab.php/activity/order.html
[ info ] www.chuangzhixing.com/abab.php/activity/order.html [运行时间：0.247000s][吞吐率：4.05req/s] [内存消耗：2,760.06kb] [文件加载：43]
[ info ] [ LANG ] D:\chuangzhixing\wanwan\thinkphp\lang\zh-cn.php
[ info ] [ ROUTE ] array (
  'type' => 'module',
  'module' => 
  array (
    0 => 'admin',
    1 => 'activity',
    2 => 'order',
  ),
)
[ info ] [ HEADER ] array (
  'upgrade-insecure-requests' => '1',
  'connection' => 'close',
  'cookie' => 'PHPSESSID=p370cahilone4lat85rtimnn16',
  'referer' => 'http://www.chuangzhixing.com/abab.php/activity/order.html',
  'accept-encoding' => 'gzip, deflate',
  'accept-language' => 'zh-CN,zh;q=0.8,en-US;q=0.5,en;q=0.3',
  'accept' => 'text/html,application/xhtml+xml,application/xml;q=0.9,*/*;q=0.8',
  'user-agent' => 'Mozilla/5.0 (Windows NT 6.1; Win64; x64; rv:56.0) Gecko/20100101 Firefox/56.0',
  'host' => 'www.chuangzhixing.com',
)
[ info ] [ PARAM ] array (
)
[ info ] [ SESSION ] INIT array (
  'id' => '',
  'var_session_id' => '',
  'prefix' => 'think',
  'type' => '',
  'auto_start' => true,
)
[ info ] [ RUN ] app\admin\controller\Activity->order[ D:\chuangzhixing\wanwan\application\admin\controller\Activity.php ]
[ info ] [ DB ] INIT mysql
[ info ] [ VIEW ] D:\chuangzhixing\wanwan/application/admin\view\activity\order.html [ array (
  0 => 'orderInfo',
) ]
[ info ] [ LOG ] INIT File
[ sql ] [ DB ] CONNECT:[ UseTime:0.053000s ] mysql:dbname=mianfeiwan;host=47.94.233.30;charset=utf8
[ sql ] [ SQL ] SHOW COLUMNS FROM `mfw_activity_order` [ RunTime:0.036000s ]
[ sql ] [ SQL ] SELECT `o`.*,`a`.`a_title` FROM `mfw_activity_order` `o` INNER JOIN `mfw_activity` `a` ON `o`.`aid`=`a`.`aid` [ RunTime:0.070000s ]
---------------------------------------------------------------
[ 2017-10-28T13:28:47+08:00 ] 127.0.0.1 127.0.0.1 GET /abab.php/activity/activitytype.html
[ info ] www.chuangzhixing.com/abab.php/activity/activitytype.html [运行时间：0.262000s][吞吐率：3.82req/s] [内存消耗：1,977.43kb] [文件加载：43]
[ info ] [ LANG ] D:\chuangzhixing\wanwan\thinkphp\lang\zh-cn.php
[ info ] [ ROUTE ] array (
  'type' => 'module',
  'module' => 
  array (
    0 => 'admin',
    1 => 'activity',
    2 => 'activitytype',
  ),
)
[ info ] [ HEADER ] array (
  'upgrade-insecure-requests' => '1',
  'connection' => 'close',
  'cookie' => 'PHPSESSID=p370cahilone4lat85rtimnn16',
  'referer' => 'http://www.chuangzhixing.com/abab.php/activity/order.html',
  'accept-encoding' => 'gzip, deflate',
  'accept-language' => 'zh-CN,zh;q=0.8,en-US;q=0.5,en;q=0.3',
  'accept' => 'text/html,application/xhtml+xml,application/xml;q=0.9,*/*;q=0.8',
  'user-agent' => 'Mozilla/5.0 (Windows NT 6.1; Win64; x64; rv:56.0) Gecko/20100101 Firefox/56.0',
  'host' => 'www.chuangzhixing.com',
)
[ info ] [ PARAM ] array (
)
[ info ] [ SESSION ] INIT array (
  'id' => '',
  'var_session_id' => '',
  'prefix' => 'think',
  'type' => '',
  'auto_start' => true,
)
[ info ] [ RUN ] app\admin\controller\Activity->activityType[ D:\chuangzhixing\wanwan\application\admin\controller\Activity.php ]
[ info ] [ DB ] INIT mysql
[ info ] [ VIEW ] D:\chuangzhixing\wanwan/application/admin\view\activity\activityType.html [ array (
  0 => 'typeInfo',
) ]
[ info ] [ LOG ] INIT File
[ sql ] [ DB ] CONNECT:[ UseTime:0.105000s ] mysql:dbname=mianfeiwan;host=47.94.233.30;charset=utf8
[ sql ] [ SQL ] SHOW COLUMNS FROM `mfw_activity_type` [ RunTime:0.064000s ]
[ sql ] [ SQL ] SELECT * FROM `mfw_activity_type` WHERE  `fid` = 0 ORDER BY sort asc [ RunTime:0.065000s ]
---------------------------------------------------------------
[ 2017-10-28T13:28:48+08:00 ] 127.0.0.1 127.0.0.1 GET /abab.php/user/index.html
[ info ] www.chuangzhixing.com/abab.php/user/index.html [运行时间：0.174000s][吞吐率：5.75req/s] [内存消耗：2,022.80kb] [文件加载：43]
[ info ] [ LANG ] D:\chuangzhixing\wanwan\thinkphp\lang\zh-cn.php
[ info ] [ ROUTE ] array (
  'type' => 'module',
  'module' => 
  array (
    0 => 'admin',
    1 => 'user',
    2 => 'index',
  ),
)
[ info ] [ HEADER ] array (
  'upgrade-insecure-requests' => '1',
  'connection' => 'close',
  'cookie' => 'PHPSESSID=p370cahilone4lat85rtimnn16',
  'referer' => 'http://www.chuangzhixing.com/abab.php/activity/activitytype.html',
  'accept-encoding' => 'gzip, deflate',
  'accept-language' => 'zh-CN,zh;q=0.8,en-US;q=0.5,en;q=0.3',
  'accept' => 'text/html,application/xhtml+xml,application/xml;q=0.9,*/*;q=0.8',
  'user-agent' => 'Mozilla/5.0 (Windows NT 6.1; Win64; x64; rv:56.0) Gecko/20100101 Firefox/56.0',
  'host' => 'www.chuangzhixing.com',
)
[ info ] [ PARAM ] array (
)
[ info ] [ SESSION ] INIT array (
  'id' => '',
  'var_session_id' => '',
  'prefix' => 'think',
  'type' => '',
  'auto_start' => true,
)
[ info ] [ RUN ] app\admin\controller\User->index[ D:\chuangzhixing\wanwan\application\admin\controller\User.php ]
[ info ] [ DB ] INIT mysql
[ info ] [ VIEW ] D:\chuangzhixing\wanwan/application/admin\view\user\index.html [ array (
  0 => 'userInfo',
) ]
[ info ] [ LOG ] INIT File
[ sql ] [ DB ] CONNECT:[ UseTime:0.055000s ] mysql:dbname=mianfeiwan;host=47.94.233.30;charset=utf8
[ sql ] [ SQL ] SHOW COLUMNS FROM `mfw_user` [ RunTime:0.038000s ]
[ sql ] [ SQL ] SELECT * FROM `mfw_user` ORDER BY uid desc [ RunTime:0.045000s ]
---------------------------------------------------------------
[ 2017-10-28T13:31:31+08:00 ] 127.0.0.1 127.0.0.1 GET /abab.php/activity/index.html
[ info ] www.chuangzhixing.com/abab.php/activity/index.html [运行时间：0.202000s][吞吐率：4.95req/s] [内存消耗：2,103.30kb] [文件加载：43]
[ info ] [ LANG ] D:\chuangzhixing\wanwan\thinkphp\lang\zh-cn.php
[ info ] [ ROUTE ] array (
  'type' => 'module',
  'module' => 
  array (
    0 => 'admin',
    1 => 'activity',
    2 => 'index',
  ),
)
[ info ] [ HEADER ] array (
  'upgrade-insecure-requests' => '1',
  'connection' => 'close',
  'cookie' => 'PHPSESSID=p370cahilone4lat85rtimnn16',
  'referer' => 'http://www.chuangzhixing.com/abab.php/user/index.html',
  'accept-encoding' => 'gzip, deflate',
  'accept-language' => 'zh-CN,zh;q=0.8,en-US;q=0.5,en;q=0.3',
  'accept' => 'text/html,application/xhtml+xml,application/xml;q=0.9,*/*;q=0.8',
  'user-agent' => 'Mozilla/5.0 (Windows NT 6.1; Win64; x64; rv:56.0) Gecko/20100101 Firefox/56.0',
  'host' => 'www.chuangzhixing.com',
)
[ info ] [ PARAM ] array (
)
[ info ] [ SESSION ] INIT array (
  'id' => '',
  'var_session_id' => '',
  'prefix' => 'think',
  'type' => '',
  'auto_start' => true,
)
[ info ] [ RUN ] app\admin\controller\Activity->index[ D:\chuangzhixing\wanwan\application\admin\controller\Activity.php ]
[ info ] [ DB ] INIT mysql
[ info ] [ VIEW ] D:\chuangzhixing\wanwan/application/admin\view\activity\index.html [ array (
  0 => 'ActivityInfo',
) ]
[ info ] [ LOG ] INIT File
[ sql ] [ DB ] CONNECT:[ UseTime:0.057000s ] mysql:dbname=mianfeiwan;host=47.94.233.30;charset=utf8
[ sql ] [ SQL ] SHOW COLUMNS FROM `mfw_activity` [ RunTime:0.035000s ]
[ sql ] [ SQL ] SELECT * FROM `mfw_activity` ORDER BY aid desc [ RunTime:0.059000s ]
---------------------------------------------------------------
[ 2017-10-28T13:32:38+08:00 ] 127.0.0.1 127.0.0.1 GET /abab.php/activity/index.html
[ info ] www.chuangzhixing.com/abab.php/activity/index.html [运行时间：0.217000s][吞吐率：4.61req/s] [内存消耗：2,103.03kb] [文件加载：43]
[ info ] [ LANG ] D:\chuangzhixing\wanwan\thinkphp\lang\zh-cn.php
[ info ] [ ROUTE ] array (
  'type' => 'module',
  'module' => 
  array (
    0 => 'admin',
    1 => 'activity',
    2 => 'index',
  ),
)
[ info ] [ HEADER ] array (
  'upgrade-insecure-requests' => '1',
  'connection' => 'close',
  'cookie' => 'PHPSESSID=p370cahilone4lat85rtimnn16',
  'accept-encoding' => 'gzip, deflate',
  'accept-language' => 'zh-CN,zh;q=0.8,en-US;q=0.5,en;q=0.3',
  'accept' => 'text/html,application/xhtml+xml,application/xml;q=0.9,*/*;q=0.8',
  'user-agent' => 'Mozilla/5.0 (Windows NT 6.1; Win64; x64; rv:56.0) Gecko/20100101 Firefox/56.0',
  'host' => 'www.chuangzhixing.com',
)
[ info ] [ PARAM ] array (
)
[ info ] [ SESSION ] INIT array (
  'id' => '',
  'var_session_id' => '',
  'prefix' => 'think',
  'type' => '',
  'auto_start' => true,
)
[ info ] [ RUN ] app\admin\controller\Activity->index[ D:\chuangzhixing\wanwan\application\admin\controller\Activity.php ]
[ info ] [ DB ] INIT mysql
[ info ] [ VIEW ] D:\chuangzhixing\wanwan/application/admin\view\activity\index.html [ array (
  0 => 'ActivityInfo',
) ]
[ info ] [ LOG ] INIT File
[ sql ] [ DB ] CONNECT:[ UseTime:0.063000s ] mysql:dbname=mianfeiwan;host=47.94.233.30;charset=utf8
[ sql ] [ SQL ] SHOW COLUMNS FROM `mfw_activity` [ RunTime:0.051000s ]
[ sql ] [ SQL ] SELECT * FROM `mfw_activity` ORDER BY aid desc [ RunTime:0.071000s ]
---------------------------------------------------------------
[ 2017-10-28T15:25:58+08:00 ] 127.0.0.1 127.0.0.1 GET /
[ info ] www.chuangzhixing.com/ [运行时间：0.295000s][吞吐率：3.39req/s] [内存消耗：1,896.60kb] [文件加载：44]
[ info ] [ LANG ] D:\chuangzhixing\wanwan\thinkphp\lang\zh-cn.php
[ info ] [ ROUTE ] array (
  'type' => 'module',
  'module' => 
  array (
    0 => '',
    1 => NULL,
    2 => NULL,
  ),
)
[ info ] [ HEADER ] array (
  'upgrade-insecure-requests' => '1',
  'connection' => 'close',
  'accept-encoding' => 'gzip, deflate',
  'accept-language' => 'zh-CN,zh;q=0.8,en-US;q=0.5,en;q=0.3',
  'accept' => 'text/html,application/xhtml+xml,application/xml;q=0.9,*/*;q=0.8',
  'user-agent' => 'Mozilla/5.0 (Windows NT 6.1; Win64; x64; rv:56.0) Gecko/20100101 Firefox/56.0',
  'host' => 'www.chuangzhixing.com',
)
[ info ] [ PARAM ] array (
)
[ info ] [ DB ] INIT mysql
[ info ] [ RUN ] app\home\controller\Index->index[ D:\chuangzhixing\wanwan\application\home\controller\Index.php ]
[ info ] [ VIEW ] D:\chuangzhixing\wanwan/application/home\view\index\index.html [ array (
  0 => 'title',
) ]
[ info ] [ SESSION ] INIT array (
  'id' => '',
  'var_session_id' => '',
  'prefix' => 'think',
  'type' => '',
  'auto_start' => true,
)
[ info ] [ LOG ] INIT File
[ sql ] [ DB ] CONNECT:[ UseTime:0.101000s ] mysql:dbname=mianfeiwan;host=47.94.233.30;charset=utf8
[ sql ] [ SQL ] SHOW COLUMNS FROM `mfw_activity_type` [ RunTime:0.071000s ]
[ sql ] [ SQL ] SELECT * FROM `mfw_activity_type` WHERE  `fid` = 0 ORDER BY sort asc [ RunTime:0.079000s ]
---------------------------------------------------------------
[ 2017-10-28T15:25:58+08:00 ] 127.0.0.1 127.0.0.1 GET /favicon.ico
[ info ] www.chuangzhixing.com/favicon.ico [运行时间：0.015000s][吞吐率：66.67req/s] [内存消耗：807.48kb] [文件加载：28]
[ info ] [ LANG ] D:\chuangzhixing\wanwan\thinkphp\lang\zh-cn.php
[ info ] [ ROUTE ] array (
  'type' => 'module',
  'module' => 
  array (
    0 => 'favicon.ico',
    1 => NULL,
    2 => NULL,
  ),
)
[ info ] [ HEADER ] array (
  'connection' => 'close',
  'cookie' => 'PHPSESSID=n9sb9j0c17mhkatgkqrp40ge41',
  'accept-encoding' => 'gzip, deflate',
  'accept-language' => 'zh-CN,zh;q=0.8,en-US;q=0.5,en;q=0.3',
  'accept' => 'text/html,application/xhtml+xml,application/xml;q=0.9,*/*;q=0.8',
  'user-agent' => 'Mozilla/5.0 (Windows NT 6.1; Win64; x64; rv:56.0) Gecko/20100101 Firefox/56.0',
  'host' => 'www.chuangzhixing.com',
)
[ info ] [ PARAM ] array (
)
[ info ] [ LOG ] INIT File
